TLC2 Version 2026.07.15.134331 (rev: 227f61b)
Running breadth-first search Model-Checking with fp 25 and seed -4318083303376542333 with 128 workers on 128 cores with 27305MB heap and 64MB offheap memory [pid: 66272] (Linux 6.8.0-134-generic amd64, Debian 11.0.24 64bit, MSBDiskFPSet, DiskStateQueue).
Parsing file /workspace/robust-futex-work/tla/MCCounterOKLive.tla
Parsing file /workspace/robust-futex-work/tla/CounterMutex.tla
Parsing file /tmp/tlc-14267161216107605378/_TLCTrace.tla (jar:file:/workspace/robust-futex-work/tla/tla2tools.jar!/tla2sany/StandardModules/_TLCTrace.tla)
Parsing file /tmp/tlc-14267161216107605378/Naturals.tla (jar:file:/workspace/robust-futex-work/tla/tla2tools.jar!/tla2sany/StandardModules/Naturals.tla)
Parsing file /tmp/tlc-14267161216107605378/FiniteSets.tla (jar:file:/workspace/robust-futex-work/tla/tla2tools.jar!/tla2sany/StandardModules/FiniteSets.tla)
Parsing file /tmp/tlc-14267161216107605378/Sequences.tla (jar:file:/workspace/robust-futex-work/tla/tla2tools.jar!/tla2sany/StandardModules/Sequences.tla)
Parsing file /tmp/tlc-14267161216107605378/TLC.tla (jar:file:/workspace/robust-futex-work/tla/tla2tools.jar!/tla2sany/StandardModules/TLC.tla)
Parsing file /tmp/tlc-14267161216107605378/TLCExt.tla (jar:file:/workspace/robust-futex-work/tla/tla2tools.jar!/tla2sany/StandardModules/TLCExt.tla)
Parsing file /tmp/tlc-14267161216107605378/Integers.tla (jar:file:/workspace/robust-futex-work/tla/tla2tools.jar!/tla2sany/StandardModules/Integers.tla)
Semantic processing of module Naturals
Semantic processing of module Sequences
Semantic processing of module FiniteSets
Semantic processing of module CounterMutex
Semantic processing of module TLC
Semantic processing of module Integers
Semantic processing of module TLCExt
Semantic processing of module _TLCTrace
Semantic processing of module MCCounterOKLive
Linting of module CounterMutex
Linting of module TLCExt
Linting of module _TLCTrace
Linting of module MCCounterOKLive
Starting... (2026-07-20 23:41:41)
Implied-temporal checking--satisfiability problem has 2 branches.
Computing initial states...
Finished computing initial states: 1 distinct state generated at 2026-07-20 23:41:41.
Checking 2 branches of temporal properties for the current state space with 157710 total distinct states at (2026-07-20 23:41:44)
Finished checking temporal properties in 00s at 2026-07-20 23:41:45
Progress(26) at 2026-07-20 23:41:45: 195,990 states generated (195,990 s/min), 78,855 distinct states found (78,855 ds/min), 15,005 states left on queue.
Checking 2 branches of temporal properties for the current state space with 6949298 total distinct states at (2026-07-20 23:42:45)
Finished checking temporal properties in 31s at 2026-07-20 23:43:16
Progress(53) at 2026-07-20 23:43:16: 9,308,007 states generated (9,112,017 s/min), 3,474,649 distinct states found (3,395,794 ds/min), 304,566 states left on queue.
Progress(64) at 2026-07-20 23:44:16: 18,554,530 states generated (9,246,523 s/min), 6,560,833 distinct states found (3,086,184 ds/min), 88,791 states left on queue.
Progress(69) at 2026-07-20 23:44:19: 18,952,797 states generated, 6,641,541 distinct states found, 0 states left on queue.
Checking 2 branches of temporal properties for the complete state space with 13283082 total distinct states at (2026-07-20 23:44:19)
Finished checking temporal properties in 01min 00s at 2026-07-20 23:45:19
Model checking completed. No error has been found.
  Estimates of the probability that TLC did not check all reachable states
  because two distinct states had the same fingerprint:
  calculated (optimistic):  val = 4.4E-6
  based on the actual fingerprints:  val = 3.3E-6
18952797 states generated, 6641541 distinct states found, 0 states left on queue.
The depth of the complete state graph search is 69.
The average outdegree of the complete state graph is 1 (minimum is 0, the maximum 6 and the 95th percentile is 3).
Finished in 03min 39s at (2026-07-20 23:45:20)
