TLC2 Version 2026.07.15.134331 (rev: 227f61b)
Running breadth-first search Model-Checking with fp 15 and seed 2740444369714072385 with 128 workers on 128 cores with 27305MB heap and 64MB offheap memory [pid: 64338] (Linux 6.8.0-134-generic amd64, Debian 11.0.24 64bit, MSBDiskFPSet, DiskStateQueue).
Parsing file /workspace/robust-futex-work/tla/MCExplicitOK.tla
Parsing file /workspace/robust-futex-work/tla/ExplicitCookie.tla
Parsing file /tmp/tlc-8828985341586553243/_TLCTrace.tla (jar:file:/workspace/robust-futex-work/tla/tla2tools.jar!/tla2sany/StandardModules/_TLCTrace.tla)
Parsing file /tmp/tlc-8828985341586553243/Naturals.tla (jar:file:/workspace/robust-futex-work/tla/tla2tools.jar!/tla2sany/StandardModules/Naturals.tla)
Parsing file /tmp/tlc-8828985341586553243/FiniteSets.tla (jar:file:/workspace/robust-futex-work/tla/tla2tools.jar!/tla2sany/StandardModules/FiniteSets.tla)
Parsing file /tmp/tlc-8828985341586553243/Sequences.tla (jar:file:/workspace/robust-futex-work/tla/tla2tools.jar!/tla2sany/StandardModules/Sequences.tla)
Parsing file /tmp/tlc-8828985341586553243/TLC.tla (jar:file:/workspace/robust-futex-work/tla/tla2tools.jar!/tla2sany/StandardModules/TLC.tla)
Parsing file /tmp/tlc-8828985341586553243/TLCExt.tla (jar:file:/workspace/robust-futex-work/tla/tla2tools.jar!/tla2sany/StandardModules/TLCExt.tla)
Parsing file /tmp/tlc-8828985341586553243/Integers.tla (jar:file:/workspace/robust-futex-work/tla/tla2tools.jar!/tla2sany/StandardModules/Integers.tla)
Semantic processing of module Naturals
Semantic processing of module Sequences
Semantic processing of module FiniteSets
Semantic processing of module ExplicitCookie
Semantic processing of module TLC
Semantic processing of module Integers
Semantic processing of module TLCExt
Semantic processing of module _TLCTrace
Semantic processing of module MCExplicitOK
Linting of module ExplicitCookie
Linting of module TLCExt
Linting of module _TLCTrace
Linting of module MCExplicitOK
Starting... (2026-07-20 22:48:23)
Implied-temporal checking--satisfiability problem has 4 branches.
Computing initial states...
Finished computing initial states: 1 distinct state generated at 2026-07-20 22:48:24.
Checking 4 branches of temporal properties for the current state space with 76278 total distinct states at (2026-07-20 22:48:27)
Finished checking temporal properties in 00s at 2026-07-20 22:48:27
Progress(14) at 2026-07-20 22:48:27: 49,338 states generated (49,338 s/min), 21,632 distinct states found (21,632 ds/min), 10,246 states left on queue.
Checking 4 branches of temporal properties for the current state space with 9101360 total distinct states at (2026-07-20 22:49:27)
Finished checking temporal properties in 43s at 2026-07-20 22:50:10
Progress(25) at 2026-07-20 22:50:10: 6,812,770 states generated (6,763,432 s/min), 2,432,933 distinct states found (2,411,301 ds/min), 630,369 states left on queue.
Progress(27) at 2026-07-20 22:51:10: 12,734,128 states generated (5,921,358 s/min), 4,401,653 distinct states found (1,968,720 ds/min), 966,815 states left on queue.
Progress(28) at 2026-07-20 22:52:10: 18,498,566 states generated (5,764,438 s/min), 6,243,620 distinct states found (1,841,967 ds/min), 1,187,553 states left on queue.
Checking 4 branches of temporal properties for the current state space with 30821545 total distinct states at (2026-07-20 22:53:10)
Finished checking temporal properties in 02min 51s at 2026-07-20 22:56:02
Progress(30) at 2026-07-20 22:56:02: 24,250,130 states generated (5,751,564 s/min), 8,044,172 distinct states found (1,800,552 ds/min), 1,355,141 states left on queue.
Progress(31) at 2026-07-20 22:57:02: 30,217,968 states generated (5,967,838 s/min), 9,868,437 distinct states found (1,824,265 ds/min), 1,469,224 states left on queue.
Progress(32) at 2026-07-20 22:58:02: 35,841,865 states generated (5,623,897 s/min), 11,562,655 distinct states found (1,694,218 ds/min), 1,542,378 states left on queue.
Progress(33) at 2026-07-20 22:59:02: 40,667,322 states generated (4,825,457 s/min), 13,003,041 distinct states found (1,440,386 ds/min), 1,583,677 states left on queue.
Progress(34) at 2026-07-20 23:00:02: 45,774,229 states generated (5,106,907 s/min), 14,512,915 distinct states found (1,509,874 ds/min), 1,607,975 states left on queue.
Progress(35) at 2026-07-20 23:01:02: 50,949,979 states generated (5,175,750 s/min), 16,028,615 distinct states found (1,515,700 ds/min), 1,610,860 states left on queue.
Progress(36) at 2026-07-20 23:02:02: 56,294,519 states generated (5,344,540 s/min), 17,584,266 distinct states found (1,555,651 ds/min), 1,602,641 states left on queue.
Progress(37) at 2026-07-20 23:03:02: 61,648,253 states generated (5,353,734 s/min), 19,135,383 distinct states found (1,551,117 ds/min), 1,586,217 states left on queue.
Progress(38) at 2026-07-20 23:04:03: 67,015,586 states generated (5,367,333 s/min), 20,676,114 distinct states found (1,540,731 ds/min), 1,552,164 states left on queue.
Progress(39) at 2026-07-20 23:05:03: 72,212,253 states generated (5,196,667 s/min), 22,157,981 distinct states found (1,481,867 ds/min), 1,507,533 states left on queue.
Progress(40) at 2026-07-20 23:06:03: 76,998,828 states generated (4,786,575 s/min), 23,511,312 distinct states found (1,353,331 ds/min), 1,451,694 states left on queue.
Progress(41) at 2026-07-20 23:07:03: 81,704,176 states generated (4,705,348 s/min), 24,827,668 distinct states found (1,316,356 ds/min), 1,377,619 states left on queue.
Checking 4 branches of temporal properties for the current state space with 103041237 total distinct states at (2026-07-20 23:08:03)
Finished checking temporal properties in 11min 36s at 2026-07-20 23:19:39
Progress(42) at 2026-07-20 23:19:39: 86,232,115 states generated (4,527,939 s/min), 26,083,762 distinct states found (1,256,094 ds/min), 1,293,806 states left on queue.
Checkpointing of run states/26-07-20-22-48-23.450
Checkpointing completed at (2026-07-20 23:20:39)
Progress(43) at 2026-07-20 23:20:39: 91,224,346 states generated (4,992,231 s/min), 27,440,809 distinct states found (1,357,047 ds/min), 1,165,789 states left on queue.
Progress(44) at 2026-07-20 23:21:39: 96,346,247 states generated (5,121,901 s/min), 28,807,660 distinct states found (1,366,851 ds/min), 1,003,191 states left on queue.
Progress(46) at 2026-07-20 23:22:39: 101,303,891 states generated (4,957,644 s/min), 30,100,996 distinct states found (1,293,336 ds/min), 806,587 states left on queue.
Progress(48) at 2026-07-20 23:23:39: 106,027,799 states generated (4,723,908 s/min), 31,298,340 distinct states found (1,197,344 ds/min), 573,536 states left on queue.
Progress(50) at 2026-07-20 23:24:39: 110,363,887 states generated (4,336,088 s/min), 32,351,150 distinct states found (1,052,810 ds/min), 297,321 states left on queue.
Progress(58) at 2026-07-20 23:25:39: 114,298,887 states generated (3,935,000 s/min), 33,321,022 distinct states found (969,872 ds/min), 57,661 states left on queue.
Progress(68) at 2026-07-20 23:25:50: 114,916,303 states generated, 33,456,981 distinct states found, 0 states left on queue.
Checking 4 branches of temporal properties for the complete state space with 133827924 total distinct states at (2026-07-20 23:25:50)
Finished checking temporal properties in 14min 11s at 2026-07-20 23:40:01
Model checking completed. No error has been found.
  Estimates of the probability that TLC did not check all reachable states
  because two distinct states had the same fingerprint:
  calculated (optimistic):  val = 1.5E-4
  based on the actual fingerprints:  val = 1.5E-5
114916303 states generated, 33456981 distinct states found, 0 states left on queue.
The depth of the complete state graph search is 68.
The average outdegree of the complete state graph is 1 (minimum is 0, the maximum 9 and the 95th percentile is 2).
Finished in 51min 44s at (2026-07-20 23:40:08)
