TLC2 Version 2026.07.15.134331 (rev: 227f61b)
Running breadth-first search Model-Checking with fp 63 and seed -5283007009873480913 with 128 workers on 128 cores with 27305MB heap and 64MB offheap memory [pid: 64957] (Linux 6.8.0-134-generic amd64, Debian 11.0.24 64bit, MSBDiskFPSet, DiskStateQueue).
Parsing file /workspace/robust-futex-work/tla/MCExplicitLostWaiter.tla
Parsing file /workspace/robust-futex-work/tla/ExplicitCookie.tla
Parsing file /tmp/tlc-7742503449338571073/_TLCTrace.tla (jar:file:/workspace/robust-futex-work/tla/tla2tools.jar!/tla2sany/StandardModules/_TLCTrace.tla)
Parsing file /tmp/tlc-7742503449338571073/Naturals.tla (jar:file:/workspace/robust-futex-work/tla/tla2tools.jar!/tla2sany/StandardModules/Naturals.tla)
Parsing file /tmp/tlc-7742503449338571073/FiniteSets.tla (jar:file:/workspace/robust-futex-work/tla/tla2tools.jar!/tla2sany/StandardModules/FiniteSets.tla)
Parsing file /tmp/tlc-7742503449338571073/Sequences.tla (jar:file:/workspace/robust-futex-work/tla/tla2tools.jar!/tla2sany/StandardModules/Sequences.tla)
Parsing file /tmp/tlc-7742503449338571073/TLC.tla (jar:file:/workspace/robust-futex-work/tla/tla2tools.jar!/tla2sany/StandardModules/TLC.tla)
Parsing file /tmp/tlc-7742503449338571073/TLCExt.tla (jar:file:/workspace/robust-futex-work/tla/tla2tools.jar!/tla2sany/StandardModules/TLCExt.tla)
Parsing file /tmp/tlc-7742503449338571073/Integers.tla (jar:file:/workspace/robust-futex-work/tla/tla2tools.jar!/tla2sany/StandardModules/Integers.tla)
Semantic processing of module Naturals
Semantic processing of module Sequences
Semantic processing of module FiniteSets
Semantic processing of module ExplicitCookie
Semantic processing of module TLC
Semantic processing of module Integers
Semantic processing of module TLCExt
Semantic processing of module _TLCTrace
Semantic processing of module MCExplicitLostWaiter
Linting of module ExplicitCookie
Linting of module TLCExt
Linting of module _TLCTrace
Linting of module MCExplicitLostWaiter
Starting... (2026-07-20 23:40:16)
Implied-temporal checking--satisfiability problem has 1 branches.
Computing initial states...
Finished computing initial states: 1 distinct state generated at 2026-07-20 23:40:17.
Checking temporal properties for the current state space with 37876 total distinct states at (2026-07-20 23:40:20)
Finished checking temporal properties in 00s at 2026-07-20 23:40:21
Progress(16) at 2026-07-20 23:40:21: 160,646 states generated (160,646 s/min), 66,218 distinct states found (66,218 ds/min), 28,343 states left on queue.
Checking temporal properties for the current state space with 3390893 total distinct states at (2026-07-20 23:41:21)
Error: Temporal property NoLostWakeup was violated.

Error: The following behavior constitutes a counter-example:

State 1: <Initial predicate>
/\ corrupt = FALSE
/\ done_e = (t1 :> FALSE @@ t2 :> FALSE @@ t3 :> FALSE)
/\ done_p = (t1 :> FALSE @@ t2 :> FALSE @@ t3 :> FALSE)
/\ done_s = (t1 :> FALSE @@ t2 :> FALSE @@ t3 :> FALSE)
/\ word = [own |-> 0, od |-> FALSE, wtr |-> FALSE]
/\ alive = (t1 :> TRUE @@ t2 :> TRUE @@ t3 :> TRUE)
/\ ecookie = 0
/\ pc = (t1 :> "unattached" @@ t2 :> "unattached" @@ t3 :> "unattached")
/\ waited = (t1 :> FALSE @@ t2 :> FALSE @@ t3 :> FALSE)
/\ pending = (t1 :> FALSE @@ t2 :> FALSE @@ t3 :> FALSE)
/\ pcookie = (t1 :> 0 @@ t2 :> 0 @@ t3 :> 0)
/\ lease = (t1 :> FALSE @@ t2 :> FALSE @@ t3 :> FALSE)
/\ enq = (t1 :> FALSE @@ t2 :> FALSE @@ t3 :> FALSE)
/\ cookie = (t1 :> 0 @@ t2 :> 0 @@ t3 :> 0)
/\ owner = "none"

State 2: <Attach(t2) line 153, col 5 to line 163, col 59 of module ExplicitCookie>
/\ corrupt = FALSE
/\ done_e = (t1 :> FALSE @@ t2 :> FALSE @@ t3 :> FALSE)
/\ done_p = (t1 :> FALSE @@ t2 :> FALSE @@ t3 :> FALSE)
/\ done_s = (t1 :> FALSE @@ t2 :> FALSE @@ t3 :> FALSE)
/\ word = [own |-> 0, od |-> FALSE, wtr |-> FALSE]
/\ alive = (t1 :> TRUE @@ t2 :> TRUE @@ t3 :> TRUE)
/\ ecookie = 0
/\ pc = (t1 :> "unattached" @@ t2 :> "idle" @@ t3 :> "unattached")
/\ waited = (t1 :> FALSE @@ t2 :> FALSE @@ t3 :> FALSE)
/\ pending = (t1 :> FALSE @@ t2 :> FALSE @@ t3 :> FALSE)
/\ pcookie = (t1 :> 0 @@ t2 :> 0 @@ t3 :> 0)
/\ lease = (t1 :> FALSE @@ t2 :> TRUE @@ t3 :> FALSE)
/\ enq = (t1 :> FALSE @@ t2 :> FALSE @@ t3 :> FALSE)
/\ cookie = (t1 :> 0 @@ t2 :> 2 @@ t3 :> 0)
/\ owner = "none"

State 3: <Attach(t3) line 153, col 5 to line 163, col 59 of module ExplicitCookie>
/\ corrupt = FALSE
/\ done_e = (t1 :> FALSE @@ t2 :> FALSE @@ t3 :> FALSE)
/\ done_p = (t1 :> FALSE @@ t2 :> FALSE @@ t3 :> FALSE)
/\ done_s = (t1 :> FALSE @@ t2 :> FALSE @@ t3 :> FALSE)
/\ word = [own |-> 0, od |-> FALSE, wtr |-> FALSE]
/\ alive = (t1 :> TRUE @@ t2 :> TRUE @@ t3 :> TRUE)
/\ ecookie = 0
/\ pc = (t1 :> "unattached" @@ t2 :> "idle" @@ t3 :> "idle")
/\ waited = (t1 :> FALSE @@ t2 :> FALSE @@ t3 :> FALSE)
/\ pending = (t1 :> FALSE @@ t2 :> FALSE @@ t3 :> FALSE)
/\ pcookie = (t1 :> 0 @@ t2 :> 0 @@ t3 :> 0)
/\ lease = (t1 :> FALSE @@ t2 :> TRUE @@ t3 :> TRUE)
/\ enq = (t1 :> FALSE @@ t2 :> FALSE @@ t3 :> FALSE)
/\ cookie = (t1 :> 0 @@ t2 :> 2 @@ t3 :> 3)
/\ owner = "none"

State 4: <StartAcq(t3) line 173, col 5 to line 180, col 35 of module ExplicitCookie>
/\ corrupt = FALSE
/\ done_e = (t1 :> FALSE @@ t2 :> FALSE @@ t3 :> FALSE)
/\ done_p = (t1 :> FALSE @@ t2 :> FALSE @@ t3 :> FALSE)
/\ done_s = (t1 :> FALSE @@ t2 :> FALSE @@ t3 :> FALSE)
/\ word = [own |-> 0, od |-> FALSE, wtr |-> FALSE]
/\ alive = (t1 :> TRUE @@ t2 :> TRUE @@ t3 :> TRUE)
/\ ecookie = 0
/\ pc = (t1 :> "unattached" @@ t2 :> "idle" @@ t3 :> "acq")
/\ waited = (t1 :> FALSE @@ t2 :> FALSE @@ t3 :> FALSE)
/\ pending = (t1 :> FALSE @@ t2 :> FALSE @@ t3 :> TRUE)
/\ pcookie = (t1 :> 0 @@ t2 :> 0 @@ t3 :> 3)
/\ lease = (t1 :> FALSE @@ t2 :> TRUE @@ t3 :> TRUE)
/\ enq = (t1 :> FALSE @@ t2 :> FALSE @@ t3 :> FALSE)
/\ cookie = (t1 :> 0 @@ t2 :> 2 @@ t3 :> 3)
/\ owner = "none"

State 5: <StartAcq(t2) line 173, col 5 to line 180, col 35 of module ExplicitCookie>
/\ corrupt = FALSE
/\ done_e = (t1 :> FALSE @@ t2 :> FALSE @@ t3 :> FALSE)
/\ done_p = (t1 :> FALSE @@ t2 :> FALSE @@ t3 :> FALSE)
/\ done_s = (t1 :> FALSE @@ t2 :> FALSE @@ t3 :> FALSE)
/\ word = [own |-> 0, od |-> FALSE, wtr |-> FALSE]
/\ alive = (t1 :> TRUE @@ t2 :> TRUE @@ t3 :> TRUE)
/\ ecookie = 0
/\ pc = (t1 :> "unattached" @@ t2 :> "acq" @@ t3 :> "acq")
/\ waited = (t1 :> FALSE @@ t2 :> FALSE @@ t3 :> FALSE)
/\ pending = (t1 :> FALSE @@ t2 :> TRUE @@ t3 :> TRUE)
/\ pcookie = (t1 :> 0 @@ t2 :> 2 @@ t3 :> 3)
/\ lease = (t1 :> FALSE @@ t2 :> TRUE @@ t3 :> TRUE)
/\ enq = (t1 :> FALSE @@ t2 :> FALSE @@ t3 :> FALSE)
/\ cookie = (t1 :> 0 @@ t2 :> 2 @@ t3 :> 3)
/\ owner = "none"

State 6: <Attach(t1) line 153, col 5 to line 163, col 59 of module ExplicitCookie>
/\ corrupt = FALSE
/\ done_e = (t1 :> FALSE @@ t2 :> FALSE @@ t3 :> FALSE)
/\ done_p = (t1 :> FALSE @@ t2 :> FALSE @@ t3 :> FALSE)
/\ done_s = (t1 :> FALSE @@ t2 :> FALSE @@ t3 :> FALSE)
/\ word = [own |-> 0, od |-> FALSE, wtr |-> FALSE]
/\ alive = (t1 :> TRUE @@ t2 :> TRUE @@ t3 :> TRUE)
/\ ecookie = 0
/\ pc = (t1 :> "idle" @@ t2 :> "acq" @@ t3 :> "acq")
/\ waited = (t1 :> FALSE @@ t2 :> FALSE @@ t3 :> FALSE)
/\ pending = (t1 :> FALSE @@ t2 :> TRUE @@ t3 :> TRUE)
/\ pcookie = (t1 :> 0 @@ t2 :> 2 @@ t3 :> 3)
/\ lease = (t1 :> TRUE @@ t2 :> TRUE @@ t3 :> TRUE)
/\ enq = (t1 :> FALSE @@ t2 :> FALSE @@ t3 :> FALSE)
/\ cookie = (t1 :> 1 @@ t2 :> 2 @@ t3 :> 3)
/\ owner = "none"

State 7: <StartAcq(t1) line 173, col 5 to line 180, col 35 of module ExplicitCookie>
/\ corrupt = FALSE
/\ done_e = (t1 :> FALSE @@ t2 :> FALSE @@ t3 :> FALSE)
/\ done_p = (t1 :> FALSE @@ t2 :> FALSE @@ t3 :> FALSE)
/\ done_s = (t1 :> FALSE @@ t2 :> FALSE @@ t3 :> FALSE)
/\ word = [own |-> 0, od |-> FALSE, wtr |-> FALSE]
/\ alive = (t1 :> TRUE @@ t2 :> TRUE @@ t3 :> TRUE)
/\ ecookie = 0
/\ pc = (t1 :> "acq" @@ t2 :> "acq" @@ t3 :> "acq")
/\ waited = (t1 :> FALSE @@ t2 :> FALSE @@ t3 :> FALSE)
/\ pending = (t1 :> TRUE @@ t2 :> TRUE @@ t3 :> TRUE)
/\ pcookie = (t1 :> 1 @@ t2 :> 2 @@ t3 :> 3)
/\ lease = (t1 :> TRUE @@ t2 :> TRUE @@ t3 :> TRUE)
/\ enq = (t1 :> FALSE @@ t2 :> FALSE @@ t3 :> FALSE)
/\ cookie = (t1 :> 1 @@ t2 :> 2 @@ t3 :> 3)
/\ owner = "none"

State 8: <Acquire(t2) line 184, col 5 to line 191, col 60 of module ExplicitCookie>
/\ corrupt = FALSE
/\ done_e = (t1 :> FALSE @@ t2 :> FALSE @@ t3 :> FALSE)
/\ done_p = (t1 :> FALSE @@ t2 :> FALSE @@ t3 :> FALSE)
/\ done_s = (t1 :> FALSE @@ t2 :> FALSE @@ t3 :> FALSE)
/\ word = [own |-> 2, od |-> FALSE, wtr |-> FALSE]
/\ alive = (t1 :> TRUE @@ t2 :> TRUE @@ t3 :> TRUE)
/\ ecookie = 0
/\ pc = (t1 :> "acq" @@ t2 :> "acquired" @@ t3 :> "acq")
/\ waited = (t1 :> FALSE @@ t2 :> FALSE @@ t3 :> FALSE)
/\ pending = (t1 :> TRUE @@ t2 :> TRUE @@ t3 :> TRUE)
/\ pcookie = (t1 :> 1 @@ t2 :> 2 @@ t3 :> 3)
/\ lease = (t1 :> TRUE @@ t2 :> TRUE @@ t3 :> TRUE)
/\ enq = (t1 :> FALSE @@ t2 :> FALSE @@ t3 :> FALSE)
/\ cookie = (t1 :> 1 @@ t2 :> 2 @@ t3 :> 3)
/\ owner = t2

State 9: <Sleep(t3) line 209, col 5 to line 215, col 59 of module ExplicitCookie>
/\ corrupt = FALSE
/\ done_e = (t1 :> FALSE @@ t2 :> FALSE @@ t3 :> FALSE)
/\ done_p = (t1 :> FALSE @@ t2 :> FALSE @@ t3 :> FALSE)
/\ done_s = (t1 :> FALSE @@ t2 :> FALSE @@ t3 :> FALSE)
/\ word = [own |-> 2, od |-> FALSE, wtr |-> TRUE]
/\ alive = (t1 :> TRUE @@ t2 :> TRUE @@ t3 :> TRUE)
/\ ecookie = 0
/\ pc = (t1 :> "acq" @@ t2 :> "acquired" @@ t3 :> "sleeping")
/\ waited = (t1 :> FALSE @@ t2 :> FALSE @@ t3 :> TRUE)
/\ pending = (t1 :> TRUE @@ t2 :> TRUE @@ t3 :> TRUE)
/\ pcookie = (t1 :> 1 @@ t2 :> 2 @@ t3 :> 3)
/\ lease = (t1 :> TRUE @@ t2 :> TRUE @@ t3 :> TRUE)
/\ enq = (t1 :> FALSE @@ t2 :> FALSE @@ t3 :> FALSE)
/\ cookie = (t1 :> 1 @@ t2 :> 2 @@ t3 :> 3)
/\ owner = t2

State 10: <Sleep(t1) line 209, col 5 to line 215, col 59 of module ExplicitCookie>
/\ corrupt = FALSE
/\ done_e = (t1 :> FALSE @@ t2 :> FALSE @@ t3 :> FALSE)
/\ done_p = (t1 :> FALSE @@ t2 :> FALSE @@ t3 :> FALSE)
/\ done_s = (t1 :> FALSE @@ t2 :> FALSE @@ t3 :> FALSE)
/\ word = [own |-> 2, od |-> FALSE, wtr |-> TRUE]
/\ alive = (t1 :> TRUE @@ t2 :> TRUE @@ t3 :> TRUE)
/\ ecookie = 0
/\ pc = (t1 :> "sleeping" @@ t2 :> "acquired" @@ t3 :> "sleeping")
/\ waited = (t1 :> TRUE @@ t2 :> FALSE @@ t3 :> TRUE)
/\ pending = (t1 :> TRUE @@ t2 :> TRUE @@ t3 :> TRUE)
/\ pcookie = (t1 :> 1 @@ t2 :> 2 @@ t3 :> 3)
/\ lease = (t1 :> TRUE @@ t2 :> TRUE @@ t3 :> TRUE)
/\ enq = (t1 :> FALSE @@ t2 :> FALSE @@ t3 :> FALSE)
/\ cookie = (t1 :> 1 @@ t2 :> 2 @@ t3 :> 3)
/\ owner = t2

State 11: <WriteEntryCookie(t2) line 226, col 5 to line 230, col 67 of module ExplicitCookie>
/\ corrupt = FALSE
/\ done_e = (t1 :> FALSE @@ t2 :> FALSE @@ t3 :> FALSE)
/\ done_p = (t1 :> FALSE @@ t2 :> FALSE @@ t3 :> FALSE)
/\ done_s = (t1 :> FALSE @@ t2 :> FALSE @@ t3 :> FALSE)
/\ word = [own |-> 2, od |-> FALSE, wtr |-> TRUE]
/\ alive = (t1 :> TRUE @@ t2 :> TRUE @@ t3 :> TRUE)
/\ ecookie = 2
/\ pc = (t1 :> "sleeping" @@ t2 :> "cookied" @@ t3 :> "sleeping")
/\ waited = (t1 :> TRUE @@ t2 :> FALSE @@ t3 :> TRUE)
/\ pending = (t1 :> TRUE @@ t2 :> TRUE @@ t3 :> TRUE)
/\ pcookie = (t1 :> 1 @@ t2 :> 2 @@ t3 :> 3)
/\ lease = (t1 :> TRUE @@ t2 :> TRUE @@ t3 :> TRUE)
/\ enq = (t1 :> FALSE @@ t2 :> FALSE @@ t3 :> FALSE)
/\ cookie = (t1 :> 1 @@ t2 :> 2 @@ t3 :> 3)
/\ owner = t2

State 12: <Enqueue(t2) line 236, col 5 to line 240, col 67 of module ExplicitCookie>
/\ corrupt = FALSE
/\ done_e = (t1 :> FALSE @@ t2 :> FALSE @@ t3 :> FALSE)
/\ done_p = (t1 :> FALSE @@ t2 :> FALSE @@ t3 :> FALSE)
/\ done_s = (t1 :> FALSE @@ t2 :> FALSE @@ t3 :> FALSE)
/\ word = [own |-> 2, od |-> FALSE, wtr |-> TRUE]
/\ alive = (t1 :> TRUE @@ t2 :> TRUE @@ t3 :> TRUE)
/\ ecookie = 2
/\ pc = (t1 :> "sleeping" @@ t2 :> "enqueued" @@ t3 :> "sleeping")
/\ waited = (t1 :> TRUE @@ t2 :> FALSE @@ t3 :> TRUE)
/\ pending = (t1 :> TRUE @@ t2 :> TRUE @@ t3 :> TRUE)
/\ pcookie = (t1 :> 1 @@ t2 :> 2 @@ t3 :> 3)
/\ lease = (t1 :> TRUE @@ t2 :> TRUE @@ t3 :> TRUE)
/\ enq = (t1 :> FALSE @@ t2 :> TRUE @@ t3 :> FALSE)
/\ cookie = (t1 :> 1 @@ t2 :> 2 @@ t3 :> 3)
/\ owner = t2

State 13: <DisarmAcq(t2) line 243, col 5 to line 247, col 67 of module ExplicitCookie>
/\ corrupt = FALSE
/\ done_e = (t1 :> FALSE @@ t2 :> FALSE @@ t3 :> FALSE)
/\ done_p = (t1 :> FALSE @@ t2 :> FALSE @@ t3 :> FALSE)
/\ done_s = (t1 :> FALSE @@ t2 :> FALSE @@ t3 :> FALSE)
/\ word = [own |-> 2, od |-> FALSE, wtr |-> TRUE]
/\ alive = (t1 :> TRUE @@ t2 :> TRUE @@ t3 :> TRUE)
/\ ecookie = 2
/\ pc = (t1 :> "sleeping" @@ t2 :> "own" @@ t3 :> "sleeping")
/\ waited = (t1 :> TRUE @@ t2 :> FALSE @@ t3 :> TRUE)
/\ pending = (t1 :> TRUE @@ t2 :> FALSE @@ t3 :> TRUE)
/\ pcookie = (t1 :> 1 @@ t2 :> 2 @@ t3 :> 3)
/\ lease = (t1 :> TRUE @@ t2 :> TRUE @@ t3 :> TRUE)
/\ enq = (t1 :> FALSE @@ t2 :> TRUE @@ t3 :> FALSE)
/\ cookie = (t1 :> 1 @@ t2 :> 2 @@ t3 :> 3)
/\ owner = t2

State 14: <StartRel(t2) line 255, col 5 to line 261, col 51 of module ExplicitCookie>
/\ corrupt = FALSE
/\ done_e = (t1 :> FALSE @@ t2 :> FALSE @@ t3 :> FALSE)
/\ done_p = (t1 :> FALSE @@ t2 :> FALSE @@ t3 :> FALSE)
/\ done_s = (t1 :> FALSE @@ t2 :> FALSE @@ t3 :> FALSE)
/\ word = [own |-> 2, od |-> FALSE, wtr |-> TRUE]
/\ alive = (t1 :> TRUE @@ t2 :> TRUE @@ t3 :> TRUE)
/\ ecookie = 2
/\ pc = (t1 :> "sleeping" @@ t2 :> "rel" @@ t3 :> "sleeping")
/\ waited = (t1 :> TRUE @@ t2 :> FALSE @@ t3 :> TRUE)
/\ pending = (t1 :> TRUE @@ t2 :> TRUE @@ t3 :> TRUE)
/\ pcookie = (t1 :> 1 @@ t2 :> 2 @@ t3 :> 3)
/\ lease = (t1 :> TRUE @@ t2 :> TRUE @@ t3 :> TRUE)
/\ enq = (t1 :> FALSE @@ t2 :> FALSE @@ t3 :> FALSE)
/\ cookie = (t1 :> 1 @@ t2 :> 2 @@ t3 :> 3)
/\ owner = t2

State 15: <Release(t2) line 268, col 5 to line 275, col 60 of module ExplicitCookie>
/\ corrupt = FALSE
/\ done_e = (t1 :> FALSE @@ t2 :> FALSE @@ t3 :> FALSE)
/\ done_p = (t1 :> FALSE @@ t2 :> FALSE @@ t3 :> FALSE)
/\ done_s = (t1 :> FALSE @@ t2 :> FALSE @@ t3 :> FALSE)
/\ word = [own |-> 0, od |-> FALSE, wtr |-> FALSE]
/\ alive = (t1 :> TRUE @@ t2 :> TRUE @@ t3 :> TRUE)
/\ ecookie = 2
/\ pc = (t1 :> "sleeping" @@ t2 :> "unlocked" @@ t3 :> "acq")
/\ waited = (t1 :> TRUE @@ t2 :> FALSE @@ t3 :> TRUE)
/\ pending = (t1 :> TRUE @@ t2 :> TRUE @@ t3 :> TRUE)
/\ pcookie = (t1 :> 1 @@ t2 :> 2 @@ t3 :> 3)
/\ lease = (t1 :> TRUE @@ t2 :> TRUE @@ t3 :> TRUE)
/\ enq = (t1 :> FALSE @@ t2 :> FALSE @@ t3 :> FALSE)
/\ cookie = (t1 :> 1 @@ t2 :> 2 @@ t3 :> 3)
/\ owner = "none"

State 16: <FinishRel(t2) line 279, col 5 to line 283, col 67 of module ExplicitCookie>
/\ corrupt = FALSE
/\ done_e = (t1 :> FALSE @@ t2 :> FALSE @@ t3 :> FALSE)
/\ done_p = (t1 :> FALSE @@ t2 :> FALSE @@ t3 :> FALSE)
/\ done_s = (t1 :> FALSE @@ t2 :> FALSE @@ t3 :> FALSE)
/\ word = [own |-> 0, od |-> FALSE, wtr |-> FALSE]
/\ alive = (t1 :> TRUE @@ t2 :> TRUE @@ t3 :> TRUE)
/\ ecookie = 2
/\ pc = (t1 :> "sleeping" @@ t2 :> "idle" @@ t3 :> "acq")
/\ waited = (t1 :> TRUE @@ t2 :> FALSE @@ t3 :> TRUE)
/\ pending = (t1 :> TRUE @@ t2 :> FALSE @@ t3 :> TRUE)
/\ pcookie = (t1 :> 1 @@ t2 :> 2 @@ t3 :> 3)
/\ lease = (t1 :> TRUE @@ t2 :> TRUE @@ t3 :> TRUE)
/\ enq = (t1 :> FALSE @@ t2 :> FALSE @@ t3 :> FALSE)
/\ cookie = (t1 :> 1 @@ t2 :> 2 @@ t3 :> 3)
/\ owner = "none"

State 17: <Acquire(t3) line 184, col 5 to line 191, col 60 of module ExplicitCookie>
/\ corrupt = FALSE
/\ done_e = (t1 :> FALSE @@ t2 :> FALSE @@ t3 :> FALSE)
/\ done_p = (t1 :> FALSE @@ t2 :> FALSE @@ t3 :> FALSE)
/\ done_s = (t1 :> FALSE @@ t2 :> FALSE @@ t3 :> FALSE)
/\ word = [own |-> 3, od |-> FALSE, wtr |-> FALSE]
/\ alive = (t1 :> TRUE @@ t2 :> TRUE @@ t3 :> TRUE)
/\ ecookie = 2
/\ pc = (t1 :> "sleeping" @@ t2 :> "idle" @@ t3 :> "acquired")
/\ waited = (t1 :> TRUE @@ t2 :> FALSE @@ t3 :> TRUE)
/\ pending = (t1 :> TRUE @@ t2 :> FALSE @@ t3 :> TRUE)
/\ pcookie = (t1 :> 1 @@ t2 :> 2 @@ t3 :> 3)
/\ lease = (t1 :> TRUE @@ t2 :> TRUE @@ t3 :> TRUE)
/\ enq = (t1 :> FALSE @@ t2 :> FALSE @@ t3 :> FALSE)
/\ cookie = (t1 :> 1 @@ t2 :> 2 @@ t3 :> 3)
/\ owner = t3

State 18: <WriteEntryCookie(t3) line 226, col 5 to line 230, col 67 of module ExplicitCookie>
/\ corrupt = FALSE
/\ done_e = (t1 :> FALSE @@ t2 :> FALSE @@ t3 :> FALSE)
/\ done_p = (t1 :> FALSE @@ t2 :> FALSE @@ t3 :> FALSE)
/\ done_s = (t1 :> FALSE @@ t2 :> FALSE @@ t3 :> FALSE)
/\ word = [own |-> 3, od |-> FALSE, wtr |-> FALSE]
/\ alive = (t1 :> TRUE @@ t2 :> TRUE @@ t3 :> TRUE)
/\ ecookie = 3
/\ pc = (t1 :> "sleeping" @@ t2 :> "idle" @@ t3 :> "cookied")
/\ waited = (t1 :> TRUE @@ t2 :> FALSE @@ t3 :> TRUE)
/\ pending = (t1 :> TRUE @@ t2 :> FALSE @@ t3 :> TRUE)
/\ pcookie = (t1 :> 1 @@ t2 :> 2 @@ t3 :> 3)
/\ lease = (t1 :> TRUE @@ t2 :> TRUE @@ t3 :> TRUE)
/\ enq = (t1 :> FALSE @@ t2 :> FALSE @@ t3 :> FALSE)
/\ cookie = (t1 :> 1 @@ t2 :> 2 @@ t3 :> 3)
/\ owner = t3

State 19: <Die(t3) line 295, col 5 to line 300, col 59 of module ExplicitCookie>
/\ corrupt = FALSE
/\ done_e = (t1 :> FALSE @@ t2 :> FALSE @@ t3 :> FALSE)
/\ done_p = (t1 :> FALSE @@ t2 :> FALSE @@ t3 :> FALSE)
/\ done_s = (t1 :> FALSE @@ t2 :> FALSE @@ t3 :> FALSE)
/\ word = [own |-> 3, od |-> FALSE, wtr |-> FALSE]
/\ alive = (t1 :> TRUE @@ t2 :> TRUE @@ t3 :> FALSE)
/\ ecookie = 3
/\ pc = (t1 :> "sleeping" @@ t2 :> "idle" @@ t3 :> "cookied")
/\ waited = (t1 :> TRUE @@ t2 :> FALSE @@ t3 :> TRUE)
/\ pending = (t1 :> TRUE @@ t2 :> FALSE @@ t3 :> TRUE)
/\ pcookie = (t1 :> 1 @@ t2 :> 2 @@ t3 :> 3)
/\ lease = (t1 :> TRUE @@ t2 :> TRUE @@ t3 :> TRUE)
/\ enq = (t1 :> FALSE @@ t2 :> FALSE @@ t3 :> FALSE)
/\ cookie = (t1 :> 1 @@ t2 :> 2 @@ t3 :> 3)
/\ owner = t3

State 20: <CleanupPending(t3) line 344, col 5 to line 377, col 43 of module ExplicitCookie>
/\ corrupt = FALSE
/\ done_e = (t1 :> FALSE @@ t2 :> FALSE @@ t3 :> FALSE)
/\ done_p = (t1 :> FALSE @@ t2 :> FALSE @@ t3 :> TRUE)
/\ done_s = (t1 :> FALSE @@ t2 :> FALSE @@ t3 :> FALSE)
/\ word = [own |-> 0, od |-> TRUE, wtr |-> FALSE]
/\ alive = (t1 :> TRUE @@ t2 :> TRUE @@ t3 :> FALSE)
/\ ecookie = 3
/\ pc = (t1 :> "sleeping" @@ t2 :> "idle" @@ t3 :> "cookied")
/\ waited = (t1 :> TRUE @@ t2 :> FALSE @@ t3 :> TRUE)
/\ pending = (t1 :> TRUE @@ t2 :> FALSE @@ t3 :> TRUE)
/\ pcookie = (t1 :> 1 @@ t2 :> 2 @@ t3 :> 3)
/\ lease = (t1 :> TRUE @@ t2 :> TRUE @@ t3 :> TRUE)
/\ enq = (t1 :> FALSE @@ t2 :> FALSE @@ t3 :> FALSE)
/\ cookie = (t1 :> 1 @@ t2 :> 2 @@ t3 :> 3)
/\ owner = "none"

State 21: <CleanupEntry(t3) line 322, col 5 to line 340, col 43 of module ExplicitCookie>
/\ corrupt = FALSE
/\ done_e = (t1 :> FALSE @@ t2 :> FALSE @@ t3 :> TRUE)
/\ done_p = (t1 :> FALSE @@ t2 :> FALSE @@ t3 :> TRUE)
/\ done_s = (t1 :> FALSE @@ t2 :> FALSE @@ t3 :> FALSE)
/\ word = [own |-> 0, od |-> TRUE, wtr |-> FALSE]
/\ alive = (t1 :> TRUE @@ t2 :> TRUE @@ t3 :> FALSE)
/\ ecookie = 3
/\ pc = (t1 :> "sleeping" @@ t2 :> "idle" @@ t3 :> "cookied")
/\ waited = (t1 :> TRUE @@ t2 :> FALSE @@ t3 :> TRUE)
/\ pending = (t1 :> TRUE @@ t2 :> FALSE @@ t3 :> TRUE)
/\ pcookie = (t1 :> 1 @@ t2 :> 2 @@ t3 :> 3)
/\ lease = (t1 :> TRUE @@ t2 :> TRUE @@ t3 :> TRUE)
/\ enq = (t1 :> FALSE @@ t2 :> FALSE @@ t3 :> FALSE)
/\ cookie = (t1 :> 1 @@ t2 :> 2 @@ t3 :> 3)
/\ owner = "none"

State 22: <CleanupSlot(t3) line 312, col 5 to line 317, col 59 of module ExplicitCookie>
/\ corrupt = FALSE
/\ done_e = (t1 :> FALSE @@ t2 :> FALSE @@ t3 :> TRUE)
/\ done_p = (t1 :> FALSE @@ t2 :> FALSE @@ t3 :> TRUE)
/\ done_s = (t1 :> FALSE @@ t2 :> FALSE @@ t3 :> TRUE)
/\ word = [own |-> 0, od |-> TRUE, wtr |-> FALSE]
/\ alive = (t1 :> TRUE @@ t2 :> TRUE @@ t3 :> FALSE)
/\ ecookie = 3
/\ pc = (t1 :> "sleeping" @@ t2 :> "idle" @@ t3 :> "cookied")
/\ waited = (t1 :> TRUE @@ t2 :> FALSE @@ t3 :> TRUE)
/\ pending = (t1 :> TRUE @@ t2 :> FALSE @@ t3 :> TRUE)
/\ pcookie = (t1 :> 1 @@ t2 :> 2 @@ t3 :> 3)
/\ lease = (t1 :> TRUE @@ t2 :> TRUE @@ t3 :> FALSE)
/\ enq = (t1 :> FALSE @@ t2 :> FALSE @@ t3 :> FALSE)
/\ cookie = (t1 :> 1 @@ t2 :> 2 @@ t3 :> 3)
/\ owner = "none"

State 23: <Reincarnate(t3) line 383, col 5 to line 395, col 50 of module ExplicitCookie>
/\ corrupt = FALSE
/\ done_e = (t1 :> FALSE @@ t2 :> FALSE @@ t3 :> FALSE)
/\ done_p = (t1 :> FALSE @@ t2 :> FALSE @@ t3 :> FALSE)
/\ done_s = (t1 :> FALSE @@ t2 :> FALSE @@ t3 :> FALSE)
/\ word = [own |-> 0, od |-> TRUE, wtr |-> FALSE]
/\ alive = (t1 :> TRUE @@ t2 :> TRUE @@ t3 :> TRUE)
/\ ecookie = 3
/\ pc = (t1 :> "sleeping" @@ t2 :> "idle" @@ t3 :> "unattached")
/\ waited = (t1 :> TRUE @@ t2 :> FALSE @@ t3 :> FALSE)
/\ pending = (t1 :> TRUE @@ t2 :> FALSE @@ t3 :> FALSE)
/\ pcookie = (t1 :> 1 @@ t2 :> 2 @@ t3 :> 0)
/\ lease = (t1 :> TRUE @@ t2 :> TRUE @@ t3 :> FALSE)
/\ enq = (t1 :> FALSE @@ t2 :> FALSE @@ t3 :> FALSE)
/\ cookie = (t1 :> 1 @@ t2 :> 2 @@ t3 :> 0)
/\ owner = "none"

State 24: Stuttering
Finished checking temporal properties in 07s at 2026-07-20 23:41:29
12620492 states generated, 4395158 distinct states found, 1004265 states left on queue.
The depth of the complete state graph search is 27.
Finished in 01min 12s at (2026-07-20 23:41:29)
Trace exploration spec path: ./MCExplicitLostWaiter_TTrace_1784590816.tla
