TLC2 Version 2026.07.15.134331 (rev: 227f61b)
Running breadth-first search Model-Checking with fp 64 and seed -5061319391852735810 with 128 workers on 128 cores with 27305MB heap and 64MB offheap memory [pid: 65492] (Linux 6.8.0-134-generic amd64, Debian 11.0.24 64bit, MSBDiskFPSet, DiskStateQueue).
Parsing file /workspace/robust-futex-work/tla/MCExplicitLeaseOrder.tla
Parsing file /workspace/robust-futex-work/tla/ExplicitCookie.tla
Parsing file /tmp/tlc-7729149356893221365/_TLCTrace.tla (jar:file:/workspace/robust-futex-work/tla/tla2tools.jar!/tla2sany/StandardModules/_TLCTrace.tla)
Parsing file /tmp/tlc-7729149356893221365/Naturals.tla (jar:file:/workspace/robust-futex-work/tla/tla2tools.jar!/tla2sany/StandardModules/Naturals.tla)
Parsing file /tmp/tlc-7729149356893221365/FiniteSets.tla (jar:file:/workspace/robust-futex-work/tla/tla2tools.jar!/tla2sany/StandardModules/FiniteSets.tla)
Parsing file /tmp/tlc-7729149356893221365/Sequences.tla (jar:file:/workspace/robust-futex-work/tla/tla2tools.jar!/tla2sany/StandardModules/Sequences.tla)
Parsing file /tmp/tlc-7729149356893221365/TLC.tla (jar:file:/workspace/robust-futex-work/tla/tla2tools.jar!/tla2sany/StandardModules/TLC.tla)
Parsing file /tmp/tlc-7729149356893221365/TLCExt.tla (jar:file:/workspace/robust-futex-work/tla/tla2tools.jar!/tla2sany/StandardModules/TLCExt.tla)
Parsing file /tmp/tlc-7729149356893221365/Integers.tla (jar:file:/workspace/robust-futex-work/tla/tla2tools.jar!/tla2sany/StandardModules/Integers.tla)
Semantic processing of module Naturals
Semantic processing of module Sequences
Semantic processing of module FiniteSets
Semantic processing of module ExplicitCookie
Semantic processing of module TLC
Semantic processing of module Integers
Semantic processing of module TLCExt
Semantic processing of module _TLCTrace
Semantic processing of module MCExplicitLeaseOrder
Linting of module ExplicitCookie
Linting of module TLCExt
Linting of module _TLCTrace
Linting of module MCExplicitLeaseOrder
Starting... (2026-07-20 23:41:33)
Computing initial states...
Finished computing initial states: 1 distinct state generated at 2026-07-20 23:41:33.
Error: Invariant NoCorruption is violated.
Error: The behavior up to this point is:
State 1: <Initial predicate>
/\ corrupt = FALSE
/\ done_e = (t1 :> FALSE @@ t2 :> FALSE @@ t3 :> FALSE)
/\ done_p = (t1 :> FALSE @@ t2 :> FALSE @@ t3 :> FALSE)
/\ done_s = (t1 :> FALSE @@ t2 :> FALSE @@ t3 :> FALSE)
/\ word = [own |-> 0, od |-> FALSE, wtr |-> FALSE]
/\ alive = (t1 :> TRUE @@ t2 :> TRUE @@ t3 :> TRUE)
/\ ecookie = 0
/\ pc = (t1 :> "unattached" @@ t2 :> "unattached" @@ t3 :> "unattached")
/\ waited = (t1 :> FALSE @@ t2 :> FALSE @@ t3 :> FALSE)
/\ pending = (t1 :> FALSE @@ t2 :> FALSE @@ t3 :> FALSE)
/\ pcookie = (t1 :> 0 @@ t2 :> 0 @@ t3 :> 0)
/\ lease = (t1 :> FALSE @@ t2 :> FALSE @@ t3 :> FALSE)
/\ enq = (t1 :> FALSE @@ t2 :> FALSE @@ t3 :> FALSE)
/\ cookie = (t1 :> 0 @@ t2 :> 0 @@ t3 :> 0)
/\ owner = "none"

State 2: <Attach(t1) line 153, col 5 to line 163, col 59 of module ExplicitCookie>
/\ corrupt = FALSE
/\ done_e = (t1 :> FALSE @@ t2 :> FALSE @@ t3 :> FALSE)
/\ done_p = (t1 :> FALSE @@ t2 :> FALSE @@ t3 :> FALSE)
/\ done_s = (t1 :> FALSE @@ t2 :> FALSE @@ t3 :> FALSE)
/\ word = [own |-> 0, od |-> FALSE, wtr |-> FALSE]
/\ alive = (t1 :> TRUE @@ t2 :> TRUE @@ t3 :> TRUE)
/\ ecookie = 0
/\ pc = (t1 :> "idle" @@ t2 :> "unattached" @@ t3 :> "unattached")
/\ waited = (t1 :> FALSE @@ t2 :> FALSE @@ t3 :> FALSE)
/\ pending = (t1 :> FALSE @@ t2 :> FALSE @@ t3 :> FALSE)
/\ pcookie = (t1 :> 0 @@ t2 :> 0 @@ t3 :> 0)
/\ lease = (t1 :> TRUE @@ t2 :> FALSE @@ t3 :> FALSE)
/\ enq = (t1 :> FALSE @@ t2 :> FALSE @@ t3 :> FALSE)
/\ cookie = (t1 :> 1 @@ t2 :> 0 @@ t3 :> 0)
/\ owner = "none"

State 3: <StartAcq(t1) line 173, col 5 to line 180, col 35 of module ExplicitCookie>
/\ corrupt = FALSE
/\ done_e = (t1 :> FALSE @@ t2 :> FALSE @@ t3 :> FALSE)
/\ done_p = (t1 :> FALSE @@ t2 :> FALSE @@ t3 :> FALSE)
/\ done_s = (t1 :> FALSE @@ t2 :> FALSE @@ t3 :> FALSE)
/\ word = [own |-> 0, od |-> FALSE, wtr |-> FALSE]
/\ alive = (t1 :> TRUE @@ t2 :> TRUE @@ t3 :> TRUE)
/\ ecookie = 0
/\ pc = (t1 :> "acq" @@ t2 :> "unattached" @@ t3 :> "unattached")
/\ waited = (t1 :> FALSE @@ t2 :> FALSE @@ t3 :> FALSE)
/\ pending = (t1 :> TRUE @@ t2 :> FALSE @@ t3 :> FALSE)
/\ pcookie = (t1 :> 1 @@ t2 :> 0 @@ t3 :> 0)
/\ lease = (t1 :> TRUE @@ t2 :> FALSE @@ t3 :> FALSE)
/\ enq = (t1 :> FALSE @@ t2 :> FALSE @@ t3 :> FALSE)
/\ cookie = (t1 :> 1 @@ t2 :> 0 @@ t3 :> 0)
/\ owner = "none"

State 4: <Attach(t2) line 153, col 5 to line 163, col 59 of module ExplicitCookie>
/\ corrupt = FALSE
/\ done_e = (t1 :> FALSE @@ t2 :> FALSE @@ t3 :> FALSE)
/\ done_p = (t1 :> FALSE @@ t2 :> FALSE @@ t3 :> FALSE)
/\ done_s = (t1 :> FALSE @@ t2 :> FALSE @@ t3 :> FALSE)
/\ word = [own |-> 0, od |-> FALSE, wtr |-> FALSE]
/\ alive = (t1 :> TRUE @@ t2 :> TRUE @@ t3 :> TRUE)
/\ ecookie = 0
/\ pc = (t1 :> "acq" @@ t2 :> "idle" @@ t3 :> "unattached")
/\ waited = (t1 :> FALSE @@ t2 :> FALSE @@ t3 :> FALSE)
/\ pending = (t1 :> TRUE @@ t2 :> FALSE @@ t3 :> FALSE)
/\ pcookie = (t1 :> 1 @@ t2 :> 0 @@ t3 :> 0)
/\ lease = (t1 :> TRUE @@ t2 :> TRUE @@ t3 :> FALSE)
/\ enq = (t1 :> FALSE @@ t2 :> FALSE @@ t3 :> FALSE)
/\ cookie = (t1 :> 1 @@ t2 :> 2 @@ t3 :> 0)
/\ owner = "none"

State 5: <Acquire(t1) line 184, col 5 to line 191, col 60 of module ExplicitCookie>
/\ corrupt = FALSE
/\ done_e = (t1 :> FALSE @@ t2 :> FALSE @@ t3 :> FALSE)
/\ done_p = (t1 :> FALSE @@ t2 :> FALSE @@ t3 :> FALSE)
/\ done_s = (t1 :> FALSE @@ t2 :> FALSE @@ t3 :> FALSE)
/\ word = [own |-> 1, od |-> FALSE, wtr |-> FALSE]
/\ alive = (t1 :> TRUE @@ t2 :> TRUE @@ t3 :> TRUE)
/\ ecookie = 0
/\ pc = (t1 :> "acquired" @@ t2 :> "idle" @@ t3 :> "unattached")
/\ waited = (t1 :> FALSE @@ t2 :> FALSE @@ t3 :> FALSE)
/\ pending = (t1 :> TRUE @@ t2 :> FALSE @@ t3 :> FALSE)
/\ pcookie = (t1 :> 1 @@ t2 :> 0 @@ t3 :> 0)
/\ lease = (t1 :> TRUE @@ t2 :> TRUE @@ t3 :> FALSE)
/\ enq = (t1 :> FALSE @@ t2 :> FALSE @@ t3 :> FALSE)
/\ cookie = (t1 :> 1 @@ t2 :> 2 @@ t3 :> 0)
/\ owner = t1

State 6: <WriteEntryCookie(t1) line 226, col 5 to line 230, col 67 of module ExplicitCookie>
/\ corrupt = FALSE
/\ done_e = (t1 :> FALSE @@ t2 :> FALSE @@ t3 :> FALSE)
/\ done_p = (t1 :> FALSE @@ t2 :> FALSE @@ t3 :> FALSE)
/\ done_s = (t1 :> FALSE @@ t2 :> FALSE @@ t3 :> FALSE)
/\ word = [own |-> 1, od |-> FALSE, wtr |-> FALSE]
/\ alive = (t1 :> TRUE @@ t2 :> TRUE @@ t3 :> TRUE)
/\ ecookie = 1
/\ pc = (t1 :> "cookied" @@ t2 :> "idle" @@ t3 :> "unattached")
/\ waited = (t1 :> FALSE @@ t2 :> FALSE @@ t3 :> FALSE)
/\ pending = (t1 :> TRUE @@ t2 :> FALSE @@ t3 :> FALSE)
/\ pcookie = (t1 :> 1 @@ t2 :> 0 @@ t3 :> 0)
/\ lease = (t1 :> TRUE @@ t2 :> TRUE @@ t3 :> FALSE)
/\ enq = (t1 :> FALSE @@ t2 :> FALSE @@ t3 :> FALSE)
/\ cookie = (t1 :> 1 @@ t2 :> 2 @@ t3 :> 0)
/\ owner = t1

State 7: <Enqueue(t1) line 236, col 5 to line 240, col 67 of module ExplicitCookie>
/\ corrupt = FALSE
/\ done_e = (t1 :> FALSE @@ t2 :> FALSE @@ t3 :> FALSE)
/\ done_p = (t1 :> FALSE @@ t2 :> FALSE @@ t3 :> FALSE)
/\ done_s = (t1 :> FALSE @@ t2 :> FALSE @@ t3 :> FALSE)
/\ word = [own |-> 1, od |-> FALSE, wtr |-> FALSE]
/\ alive = (t1 :> TRUE @@ t2 :> TRUE @@ t3 :> TRUE)
/\ ecookie = 1
/\ pc = (t1 :> "enqueued" @@ t2 :> "idle" @@ t3 :> "unattached")
/\ waited = (t1 :> FALSE @@ t2 :> FALSE @@ t3 :> FALSE)
/\ pending = (t1 :> TRUE @@ t2 :> FALSE @@ t3 :> FALSE)
/\ pcookie = (t1 :> 1 @@ t2 :> 0 @@ t3 :> 0)
/\ lease = (t1 :> TRUE @@ t2 :> TRUE @@ t3 :> FALSE)
/\ enq = (t1 :> TRUE @@ t2 :> FALSE @@ t3 :> FALSE)
/\ cookie = (t1 :> 1 @@ t2 :> 2 @@ t3 :> 0)
/\ owner = t1

State 8: <DisarmAcq(t1) line 243, col 5 to line 247, col 67 of module ExplicitCookie>
/\ corrupt = FALSE
/\ done_e = (t1 :> FALSE @@ t2 :> FALSE @@ t3 :> FALSE)
/\ done_p = (t1 :> FALSE @@ t2 :> FALSE @@ t3 :> FALSE)
/\ done_s = (t1 :> FALSE @@ t2 :> FALSE @@ t3 :> FALSE)
/\ word = [own |-> 1, od |-> FALSE, wtr |-> FALSE]
/\ alive = (t1 :> TRUE @@ t2 :> TRUE @@ t3 :> TRUE)
/\ ecookie = 1
/\ pc = (t1 :> "own" @@ t2 :> "idle" @@ t3 :> "unattached")
/\ waited = (t1 :> FALSE @@ t2 :> FALSE @@ t3 :> FALSE)
/\ pending = (t1 :> FALSE @@ t2 :> FALSE @@ t3 :> FALSE)
/\ pcookie = (t1 :> 1 @@ t2 :> 0 @@ t3 :> 0)
/\ lease = (t1 :> TRUE @@ t2 :> TRUE @@ t3 :> FALSE)
/\ enq = (t1 :> TRUE @@ t2 :> FALSE @@ t3 :> FALSE)
/\ cookie = (t1 :> 1 @@ t2 :> 2 @@ t3 :> 0)
/\ owner = t1

State 9: <Die(t1) line 295, col 5 to line 300, col 59 of module ExplicitCookie>
/\ corrupt = FALSE
/\ done_e = (t1 :> FALSE @@ t2 :> FALSE @@ t3 :> FALSE)
/\ done_p = (t1 :> FALSE @@ t2 :> FALSE @@ t3 :> FALSE)
/\ done_s = (t1 :> FALSE @@ t2 :> FALSE @@ t3 :> FALSE)
/\ word = [own |-> 1, od |-> FALSE, wtr |-> FALSE]
/\ alive = (t1 :> FALSE @@ t2 :> TRUE @@ t3 :> TRUE)
/\ ecookie = 1
/\ pc = (t1 :> "own" @@ t2 :> "idle" @@ t3 :> "unattached")
/\ waited = (t1 :> FALSE @@ t2 :> FALSE @@ t3 :> FALSE)
/\ pending = (t1 :> FALSE @@ t2 :> FALSE @@ t3 :> FALSE)
/\ pcookie = (t1 :> 1 @@ t2 :> 0 @@ t3 :> 0)
/\ lease = (t1 :> TRUE @@ t2 :> TRUE @@ t3 :> FALSE)
/\ enq = (t1 :> TRUE @@ t2 :> FALSE @@ t3 :> FALSE)
/\ cookie = (t1 :> 1 @@ t2 :> 2 @@ t3 :> 0)
/\ owner = t1

State 10: <CleanupPending(t1) line 344, col 5 to line 377, col 43 of module ExplicitCookie>
/\ corrupt = FALSE
/\ done_e = (t1 :> FALSE @@ t2 :> FALSE @@ t3 :> FALSE)
/\ done_p = (t1 :> TRUE @@ t2 :> FALSE @@ t3 :> FALSE)
/\ done_s = (t1 :> FALSE @@ t2 :> FALSE @@ t3 :> FALSE)
/\ word = [own |-> 1, od |-> FALSE, wtr |-> FALSE]
/\ alive = (t1 :> FALSE @@ t2 :> TRUE @@ t3 :> TRUE)
/\ ecookie = 1
/\ pc = (t1 :> "own" @@ t2 :> "idle" @@ t3 :> "unattached")
/\ waited = (t1 :> FALSE @@ t2 :> FALSE @@ t3 :> FALSE)
/\ pending = (t1 :> FALSE @@ t2 :> FALSE @@ t3 :> FALSE)
/\ pcookie = (t1 :> 1 @@ t2 :> 0 @@ t3 :> 0)
/\ lease = (t1 :> TRUE @@ t2 :> TRUE @@ t3 :> FALSE)
/\ enq = (t1 :> TRUE @@ t2 :> FALSE @@ t3 :> FALSE)
/\ cookie = (t1 :> 1 @@ t2 :> 2 @@ t3 :> 0)
/\ owner = t1

State 11: <CleanupSlot(t1) line 312, col 5 to line 317, col 59 of module ExplicitCookie>
/\ corrupt = FALSE
/\ done_e = (t1 :> FALSE @@ t2 :> FALSE @@ t3 :> FALSE)
/\ done_p = (t1 :> TRUE @@ t2 :> FALSE @@ t3 :> FALSE)
/\ done_s = (t1 :> TRUE @@ t2 :> FALSE @@ t3 :> FALSE)
/\ word = [own |-> 1, od |-> FALSE, wtr |-> FALSE]
/\ alive = (t1 :> FALSE @@ t2 :> TRUE @@ t3 :> TRUE)
/\ ecookie = 1
/\ pc = (t1 :> "own" @@ t2 :> "idle" @@ t3 :> "unattached")
/\ waited = (t1 :> FALSE @@ t2 :> FALSE @@ t3 :> FALSE)
/\ pending = (t1 :> FALSE @@ t2 :> FALSE @@ t3 :> FALSE)
/\ pcookie = (t1 :> 1 @@ t2 :> 0 @@ t3 :> 0)
/\ lease = (t1 :> FALSE @@ t2 :> TRUE @@ t3 :> FALSE)
/\ enq = (t1 :> TRUE @@ t2 :> FALSE @@ t3 :> FALSE)
/\ cookie = (t1 :> 1 @@ t2 :> 2 @@ t3 :> 0)
/\ owner = t1

State 12: <StartAcq(t2) line 173, col 5 to line 180, col 35 of module ExplicitCookie>
/\ corrupt = FALSE
/\ done_e = (t1 :> FALSE @@ t2 :> FALSE @@ t3 :> FALSE)
/\ done_p = (t1 :> TRUE @@ t2 :> FALSE @@ t3 :> FALSE)
/\ done_s = (t1 :> TRUE @@ t2 :> FALSE @@ t3 :> FALSE)
/\ word = [own |-> 1, od |-> FALSE, wtr |-> FALSE]
/\ alive = (t1 :> FALSE @@ t2 :> TRUE @@ t3 :> TRUE)
/\ ecookie = 1
/\ pc = (t1 :> "own" @@ t2 :> "acq" @@ t3 :> "unattached")
/\ waited = (t1 :> FALSE @@ t2 :> FALSE @@ t3 :> FALSE)
/\ pending = (t1 :> FALSE @@ t2 :> TRUE @@ t3 :> FALSE)
/\ pcookie = (t1 :> 1 @@ t2 :> 2 @@ t3 :> 0)
/\ lease = (t1 :> FALSE @@ t2 :> TRUE @@ t3 :> FALSE)
/\ enq = (t1 :> TRUE @@ t2 :> FALSE @@ t3 :> FALSE)
/\ cookie = (t1 :> 1 @@ t2 :> 2 @@ t3 :> 0)
/\ owner = t1

State 13: <Attach(t3) line 153, col 5 to line 163, col 59 of module ExplicitCookie>
/\ corrupt = FALSE
/\ done_e = (t1 :> FALSE @@ t2 :> FALSE @@ t3 :> FALSE)
/\ done_p = (t1 :> TRUE @@ t2 :> FALSE @@ t3 :> FALSE)
/\ done_s = (t1 :> TRUE @@ t2 :> FALSE @@ t3 :> FALSE)
/\ word = [own |-> 1, od |-> FALSE, wtr |-> FALSE]
/\ alive = (t1 :> FALSE @@ t2 :> TRUE @@ t3 :> TRUE)
/\ ecookie = 1
/\ pc = (t1 :> "own" @@ t2 :> "acq" @@ t3 :> "idle")
/\ waited = (t1 :> FALSE @@ t2 :> FALSE @@ t3 :> FALSE)
/\ pending = (t1 :> FALSE @@ t2 :> TRUE @@ t3 :> FALSE)
/\ pcookie = (t1 :> 1 @@ t2 :> 2 @@ t3 :> 0)
/\ lease = (t1 :> FALSE @@ t2 :> TRUE @@ t3 :> TRUE)
/\ enq = (t1 :> TRUE @@ t2 :> FALSE @@ t3 :> FALSE)
/\ cookie = (t1 :> 1 @@ t2 :> 2 @@ t3 :> 1)
/\ owner = t1

State 14: <StartAcq(t3) line 173, col 5 to line 180, col 35 of module ExplicitCookie>
/\ corrupt = FALSE
/\ done_e = (t1 :> FALSE @@ t2 :> FALSE @@ t3 :> FALSE)
/\ done_p = (t1 :> TRUE @@ t2 :> FALSE @@ t3 :> FALSE)
/\ done_s = (t1 :> TRUE @@ t2 :> FALSE @@ t3 :> FALSE)
/\ word = [own |-> 1, od |-> FALSE, wtr |-> FALSE]
/\ alive = (t1 :> FALSE @@ t2 :> TRUE @@ t3 :> TRUE)
/\ ecookie = 1
/\ pc = (t1 :> "own" @@ t2 :> "acq" @@ t3 :> "acq")
/\ waited = (t1 :> FALSE @@ t2 :> FALSE @@ t3 :> FALSE)
/\ pending = (t1 :> FALSE @@ t2 :> TRUE @@ t3 :> TRUE)
/\ pcookie = (t1 :> 1 @@ t2 :> 2 @@ t3 :> 1)
/\ lease = (t1 :> FALSE @@ t2 :> TRUE @@ t3 :> TRUE)
/\ enq = (t1 :> TRUE @@ t2 :> FALSE @@ t3 :> FALSE)
/\ cookie = (t1 :> 1 @@ t2 :> 2 @@ t3 :> 1)
/\ owner = t1

State 15: <Die(t3) line 295, col 5 to line 300, col 59 of module ExplicitCookie>
/\ corrupt = FALSE
/\ done_e = (t1 :> FALSE @@ t2 :> FALSE @@ t3 :> FALSE)
/\ done_p = (t1 :> TRUE @@ t2 :> FALSE @@ t3 :> FALSE)
/\ done_s = (t1 :> TRUE @@ t2 :> FALSE @@ t3 :> FALSE)
/\ word = [own |-> 1, od |-> FALSE, wtr |-> FALSE]
/\ alive = (t1 :> FALSE @@ t2 :> TRUE @@ t3 :> FALSE)
/\ ecookie = 1
/\ pc = (t1 :> "own" @@ t2 :> "acq" @@ t3 :> "acq")
/\ waited = (t1 :> FALSE @@ t2 :> FALSE @@ t3 :> FALSE)
/\ pending = (t1 :> FALSE @@ t2 :> TRUE @@ t3 :> TRUE)
/\ pcookie = (t1 :> 1 @@ t2 :> 2 @@ t3 :> 1)
/\ lease = (t1 :> FALSE @@ t2 :> TRUE @@ t3 :> TRUE)
/\ enq = (t1 :> TRUE @@ t2 :> FALSE @@ t3 :> FALSE)
/\ cookie = (t1 :> 1 @@ t2 :> 2 @@ t3 :> 1)
/\ owner = t1

State 16: <CleanupPending(t3) line 344, col 5 to line 377, col 43 of module ExplicitCookie>
/\ corrupt = FALSE
/\ done_e = (t1 :> FALSE @@ t2 :> FALSE @@ t3 :> FALSE)
/\ done_p = (t1 :> TRUE @@ t2 :> FALSE @@ t3 :> TRUE)
/\ done_s = (t1 :> TRUE @@ t2 :> FALSE @@ t3 :> FALSE)
/\ word = [own |-> 0, od |-> TRUE, wtr |-> FALSE]
/\ alive = (t1 :> FALSE @@ t2 :> TRUE @@ t3 :> FALSE)
/\ ecookie = 1
/\ pc = (t1 :> "own" @@ t2 :> "acq" @@ t3 :> "acq")
/\ waited = (t1 :> FALSE @@ t2 :> FALSE @@ t3 :> FALSE)
/\ pending = (t1 :> FALSE @@ t2 :> TRUE @@ t3 :> TRUE)
/\ pcookie = (t1 :> 1 @@ t2 :> 2 @@ t3 :> 1)
/\ lease = (t1 :> FALSE @@ t2 :> TRUE @@ t3 :> TRUE)
/\ enq = (t1 :> TRUE @@ t2 :> FALSE @@ t3 :> FALSE)
/\ cookie = (t1 :> 1 @@ t2 :> 2 @@ t3 :> 1)
/\ owner = "none"

State 17: <Acquire(t2) line 184, col 5 to line 191, col 60 of module ExplicitCookie>
/\ corrupt = FALSE
/\ done_e = (t1 :> FALSE @@ t2 :> FALSE @@ t3 :> FALSE)
/\ done_p = (t1 :> TRUE @@ t2 :> FALSE @@ t3 :> TRUE)
/\ done_s = (t1 :> TRUE @@ t2 :> FALSE @@ t3 :> FALSE)
/\ word = [own |-> 2, od |-> TRUE, wtr |-> FALSE]
/\ alive = (t1 :> FALSE @@ t2 :> TRUE @@ t3 :> FALSE)
/\ ecookie = 1
/\ pc = (t1 :> "own" @@ t2 :> "acquired" @@ t3 :> "acq")
/\ waited = (t1 :> FALSE @@ t2 :> FALSE @@ t3 :> FALSE)
/\ pending = (t1 :> FALSE @@ t2 :> TRUE @@ t3 :> TRUE)
/\ pcookie = (t1 :> 1 @@ t2 :> 2 @@ t3 :> 1)
/\ lease = (t1 :> FALSE @@ t2 :> TRUE @@ t3 :> TRUE)
/\ enq = (t1 :> TRUE @@ t2 :> FALSE @@ t3 :> FALSE)
/\ cookie = (t1 :> 1 @@ t2 :> 2 @@ t3 :> 1)
/\ owner = t2

State 18: <WriteEntryCookie(t2) line 226, col 5 to line 230, col 67 of module ExplicitCookie>
/\ corrupt = FALSE
/\ done_e = (t1 :> FALSE @@ t2 :> FALSE @@ t3 :> FALSE)
/\ done_p = (t1 :> TRUE @@ t2 :> FALSE @@ t3 :> TRUE)
/\ done_s = (t1 :> TRUE @@ t2 :> FALSE @@ t3 :> FALSE)
/\ word = [own |-> 2, od |-> TRUE, wtr |-> FALSE]
/\ alive = (t1 :> FALSE @@ t2 :> TRUE @@ t3 :> FALSE)
/\ ecookie = 2
/\ pc = (t1 :> "own" @@ t2 :> "cookied" @@ t3 :> "acq")
/\ waited = (t1 :> FALSE @@ t2 :> FALSE @@ t3 :> FALSE)
/\ pending = (t1 :> FALSE @@ t2 :> TRUE @@ t3 :> TRUE)
/\ pcookie = (t1 :> 1 @@ t2 :> 2 @@ t3 :> 1)
/\ lease = (t1 :> FALSE @@ t2 :> TRUE @@ t3 :> TRUE)
/\ enq = (t1 :> TRUE @@ t2 :> FALSE @@ t3 :> FALSE)
/\ cookie = (t1 :> 1 @@ t2 :> 2 @@ t3 :> 1)
/\ owner = t2

State 19: <CleanupEntry(t1) line 322, col 5 to line 340, col 43 of module ExplicitCookie>
/\ corrupt = TRUE
/\ done_e = (t1 :> TRUE @@ t2 :> FALSE @@ t3 :> FALSE)
/\ done_p = (t1 :> TRUE @@ t2 :> FALSE @@ t3 :> TRUE)
/\ done_s = (t1 :> TRUE @@ t2 :> FALSE @@ t3 :> FALSE)
/\ word = [own |-> 0, od |-> TRUE, wtr |-> FALSE]
/\ alive = (t1 :> FALSE @@ t2 :> TRUE @@ t3 :> FALSE)
/\ ecookie = 2
/\ pc = (t1 :> "own" @@ t2 :> "cookied" @@ t3 :> "acq")
/\ waited = (t1 :> FALSE @@ t2 :> FALSE @@ t3 :> FALSE)
/\ pending = (t1 :> FALSE @@ t2 :> TRUE @@ t3 :> TRUE)
/\ pcookie = (t1 :> 1 @@ t2 :> 2 @@ t3 :> 1)
/\ lease = (t1 :> FALSE @@ t2 :> TRUE @@ t3 :> TRUE)
/\ enq = (t1 :> TRUE @@ t2 :> FALSE @@ t3 :> FALSE)
/\ cookie = (t1 :> 1 @@ t2 :> 2 @@ t3 :> 1)
/\ owner = t2

201578 states generated, 84651 distinct states found, 32276 states left on queue.
The depth of the complete state graph search is 20.
Finished in 03s at (2026-07-20 23:41:36)
Trace exploration spec path: ./MCExplicitLeaseOrder_TTrace_1784590893.tla
