TLC2 Version 2026.07.15.134331 (rev: 227f61b)
Running breadth-first search Model-Checking with fp 123 and seed 8012724510131470595 with 128 workers on 128 cores with 27305MB heap and 64MB offheap memory [pid: 255826] (Linux 6.8.0-134-generic amd64, Debian 11.0.24 64bit, MSBDiskFPSet, DiskStateQueue).
Parsing file /workspace/robust-futex-work/tla/MCExplicitOKStrict.tla
Parsing file /workspace/robust-futex-work/tla/ExplicitCookie.tla
Parsing file /tmp/tlc-611545962033332388/_TLCTrace.tla (jar:file:/workspace/robust-futex-work/tla/tla2tools.jar!/tla2sany/StandardModules/_TLCTrace.tla)
Parsing file /tmp/tlc-611545962033332388/Naturals.tla (jar:file:/workspace/robust-futex-work/tla/tla2tools.jar!/tla2sany/StandardModules/Naturals.tla)
Parsing file /tmp/tlc-611545962033332388/FiniteSets.tla (jar:file:/workspace/robust-futex-work/tla/tla2tools.jar!/tla2sany/StandardModules/FiniteSets.tla)
Parsing file /tmp/tlc-611545962033332388/Sequences.tla (jar:file:/workspace/robust-futex-work/tla/tla2tools.jar!/tla2sany/StandardModules/Sequences.tla)
Parsing file /tmp/tlc-611545962033332388/TLC.tla (jar:file:/workspace/robust-futex-work/tla/tla2tools.jar!/tla2sany/StandardModules/TLC.tla)
Parsing file /tmp/tlc-611545962033332388/TLCExt.tla (jar:file:/workspace/robust-futex-work/tla/tla2tools.jar!/tla2sany/StandardModules/TLCExt.tla)
Parsing file /tmp/tlc-611545962033332388/Integers.tla (jar:file:/workspace/robust-futex-work/tla/tla2tools.jar!/tla2sany/StandardModules/Integers.tla)
Semantic processing of module Naturals
Semantic processing of module Sequences
Semantic processing of module FiniteSets
Semantic processing of module ExplicitCookie
Semantic processing of module TLC
Semantic processing of module Integers
Semantic processing of module TLCExt
Semantic processing of module _TLCTrace
Semantic processing of module MCExplicitOKStrict
Linting of module ExplicitCookie
Linting of module TLCExt
Linting of module _TLCTrace
Linting of module MCExplicitOKStrict
Starting... (2026-07-18 02:56:23)
Implied-temporal checking--satisfiability problem has 4 branches.
Computing initial states...
Finished computing initial states: 1 distinct state generated at 2026-07-18 02:56:24.
Checking 4 branches of temporal properties for the current state space with 156596 total distinct states at (2026-07-18 02:56:27)
Finished checking temporal properties in 00s at 2026-07-18 02:56:27
Progress(15) at 2026-07-18 02:56:27: 104,810 states generated (104,810 s/min), 44,050 distinct states found (44,050 ds/min), 19,602 states left on queue.
Checking 4 branches of temporal properties for the current state space with 9584668 total distinct states at (2026-07-18 02:57:27)
Finished checking temporal properties in 44s at 2026-07-18 02:58:12
Progress(25) at 2026-07-18 02:58:12: 7,194,682 states generated (7,089,872 s/min), 2,560,104 distinct states found (2,516,054 ds/min), 655,743 states left on queue.
Progress(27) at 2026-07-18 02:59:12: 13,565,587 states generated (6,370,905 s/min), 4,667,003 distinct states found (2,106,899 ds/min), 1,001,466 states left on queue.
Progress(29) at 2026-07-18 03:00:12: 19,494,287 states generated (5,928,700 s/min), 6,559,611 distinct states found (1,892,608 ds/min), 1,226,777 states left on queue.
Checking 4 branches of temporal properties for the current state space with 32809175 total distinct states at (2026-07-18 03:01:12)
Finished checking temporal properties in 03min 11s at 2026-07-18 03:04:23
Progress(30) at 2026-07-18 03:04:23: 25,895,387 states generated (6,401,100 s/min), 8,550,437 distinct states found (1,990,826 ds/min), 1,392,571 states left on queue.
Progress(32) at 2026-07-18 03:05:23: 32,002,665 states generated (6,107,278 s/min), 10,414,561 distinct states found (1,864,124 ds/min), 1,505,745 states left on queue.
Progress(33) at 2026-07-18 03:06:23: 37,881,915 states generated (5,879,250 s/min), 12,181,623 distinct states found (1,767,062 ds/min), 1,574,674 states left on queue.
Progress(34) at 2026-07-18 03:07:23: 42,883,291 states generated (5,001,376 s/min), 13,669,926 distinct states found (1,488,303 ds/min), 1,611,209 states left on queue.
Progress(35) at 2026-07-18 03:08:23: 48,393,906 states generated (5,510,615 s/min), 15,293,627 distinct states found (1,623,701 ds/min), 1,628,743 states left on queue.
Progress(36) at 2026-07-18 03:09:23: 53,844,709 states generated (5,450,803 s/min), 16,889,322 distinct states found (1,595,695 ds/min), 1,631,828 states left on queue.
Progress(37) at 2026-07-18 03:10:23: 59,473,808 states generated (5,629,099 s/min), 18,519,374 distinct states found (1,630,052 ds/min), 1,611,909 states left on queue.
Progress(38) at 2026-07-18 03:11:23: 65,063,653 states generated (5,589,845 s/min), 20,127,273 distinct states found (1,607,899 ds/min), 1,580,002 states left on queue.
Progress(39) at 2026-07-18 03:12:23: 70,543,711 states generated (5,480,058 s/min), 21,691,633 distinct states found (1,564,360 ds/min), 1,534,281 states left on queue.
Progress(40) at 2026-07-18 03:13:23: 75,941,926 states generated (5,398,215 s/min), 23,222,398 distinct states found (1,530,765 ds/min), 1,477,129 states left on queue.
Progress(41) at 2026-07-18 03:14:23: 81,206,298 states generated (5,264,372 s/min), 24,699,702 distinct states found (1,477,304 ds/min), 1,401,029 states left on queue.
Progress(42) at 2026-07-18 03:15:23: 85,873,834 states generated (4,667,536 s/min), 25,990,314 distinct states found (1,290,612 ds/min), 1,309,056 states left on queue.
Progress(43) at 2026-07-18 03:16:23: 91,139,407 states generated (5,265,573 s/min), 27,422,903 distinct states found (1,432,589 ds/min), 1,176,213 states left on queue.
Checking 4 branches of temporal properties for the current state space with 114144545 total distinct states at (2026-07-18 03:17:23)
Finished checking temporal properties in 12min 12s at 2026-07-18 03:29:35
Progress(44) at 2026-07-18 03:29:35: 96,265,219 states generated (5,125,812 s/min), 28,787,939 distinct states found (1,365,036 ds/min), 1,007,203 states left on queue.
Checkpointing of run states/26-07-18-02-56-23.467
Checkpointing completed at (2026-07-18 03:30:36)
Progress(46) at 2026-07-18 03:30:36: 101,652,124 states generated (5,386,905 s/min), 30,193,263 distinct states found (1,405,324 ds/min), 795,197 states left on queue.
Progress(48) at 2026-07-18 03:31:36: 106,812,927 states generated (5,160,803 s/min), 31,493,400 distinct states found (1,300,137 ds/min), 529,474 states left on queue.
Progress(52) at 2026-07-18 03:32:36: 111,443,360 states generated (4,630,433 s/min), 32,615,088 distinct states found (1,121,688 ds/min), 229,051 states left on queue.
Progress(66) at 2026-07-18 03:33:28: 114,916,303 states generated, 33,456,981 distinct states found, 0 states left on queue.
Checking 4 branches of temporal properties for the complete state space with 133827924 total distinct states at (2026-07-18 03:33:28)
Finished checking temporal properties in 13min 38s at 2026-07-18 03:47:06
Model checking completed. No error has been found.
  Estimates of the probability that TLC did not check all reachable states
  because two distinct states had the same fingerprint:
  calculated (optimistic):  val = 1.5E-4
  based on the actual fingerprints:  val = 1.6E-4
114916303 states generated, 33456981 distinct states found, 0 states left on queue.
The depth of the complete state graph search is 66.
The average outdegree of the complete state graph is 1 (minimum is 0, the maximum 9 and the 95th percentile is 2).
Finished in 50min 49s at (2026-07-18 03:47:13)
