TLC2 Version 2026.07.15.134331 (rev: 227f61b)
Running breadth-first search Model-Checking with fp 81 and seed -459193755451179004 with 8 workers on 128 cores with 27305MB heap and 64MB offheap memory [pid: 31076] (Linux 6.8.0-134-generic amd64, Debian 11.0.24 64bit, MSBDiskFPSet, DiskStateQueue).
Parsing file /workspace/robust-futex-work/tla/MCWRetainOK.tla
Parsing file /workspace/robust-futex-work/tla/WaitersRetain.tla
Parsing file /tmp/tlc-11928367982951428045/_TLCTrace.tla (jar:file:/workspace/robust-futex-work/tla/tla2tools.jar!/tla2sany/StandardModules/_TLCTrace.tla)
Parsing file /tmp/tlc-11928367982951428045/Naturals.tla (jar:file:/workspace/robust-futex-work/tla/tla2tools.jar!/tla2sany/StandardModules/Naturals.tla)
Parsing file /tmp/tlc-11928367982951428045/Sequences.tla (jar:file:/workspace/robust-futex-work/tla/tla2tools.jar!/tla2sany/StandardModules/Sequences.tla)
Parsing file /tmp/tlc-11928367982951428045/FiniteSets.tla (jar:file:/workspace/robust-futex-work/tla/tla2tools.jar!/tla2sany/StandardModules/FiniteSets.tla)
Parsing file /tmp/tlc-11928367982951428045/TLC.tla (jar:file:/workspace/robust-futex-work/tla/tla2tools.jar!/tla2sany/StandardModules/TLC.tla)
Parsing file /tmp/tlc-11928367982951428045/TLCExt.tla (jar:file:/workspace/robust-futex-work/tla/tla2tools.jar!/tla2sany/StandardModules/TLCExt.tla)
Parsing file /tmp/tlc-11928367982951428045/Integers.tla (jar:file:/workspace/robust-futex-work/tla/tla2tools.jar!/tla2sany/StandardModules/Integers.tla)
Semantic processing of module Naturals
Semantic processing of module Sequences
Semantic processing of module FiniteSets
Semantic processing of module WaitersRetain
Semantic processing of module TLC
Semantic processing of module Integers
Semantic processing of module TLCExt
Semantic processing of module _TLCTrace
Semantic processing of module MCWRetainOK
Linting of module WaitersRetain
Linting of module TLCExt
Linting of module _TLCTrace
Linting of module MCWRetainOK
Starting... (2026-07-23 21:08:47)
Implied-temporal checking--satisfiability problem has 3 branches.
Computing initial states...
Finished computing initial states: 1 distinct state generated at 2026-07-23 21:08:47.
Checking 3 branches of temporal properties for the current state space with 88491 total distinct states at (2026-07-23 21:08:50)
Finished checking temporal properties in 00s at 2026-07-23 21:08:50
Progress(16) at 2026-07-23 21:08:50: 73,019 states generated (73,019 s/min), 29,498 distinct states found (29,498 ds/min), 11,115 states left on queue.
Checking 3 branches of temporal properties for the current state space with 4982865 total distinct states at (2026-07-23 21:09:50)
Finished checking temporal properties in 14s at 2026-07-23 21:10:05
Progress(27) at 2026-07-23 21:10:05: 4,595,758 states generated (4,522,739 s/min), 1,660,955 distinct states found (1,631,457 ds/min), 406,212 states left on queue.
Checking 3 branches of temporal properties for the current state space with 9354363 total distinct states at (2026-07-23 21:11:05)
Finished checking temporal properties in 28s at 2026-07-23 21:11:33
Progress(29) at 2026-07-23 21:11:33: 8,736,582 states generated (4,140,824 s/min), 3,118,121 distinct states found (1,457,166 ds/min), 701,526 states left on queue.
Progress(31) at 2026-07-23 21:12:33: 13,009,807 states generated (4,273,225 s/min), 4,595,441 distinct states found (1,477,320 ds/min), 975,516 states left on queue.
Checking 3 branches of temporal properties for the current state space with 18252261 total distinct states at (2026-07-23 21:13:33)
Finished checking temporal properties in 01min 02s at 2026-07-23 21:14:35
Progress(32) at 2026-07-23 21:14:35: 17,366,575 states generated (4,356,768 s/min), 6,084,087 distinct states found (1,488,646 ds/min), 1,233,410 states left on queue.
Progress(33) at 2026-07-23 21:15:35: 21,540,084 states generated (4,173,509 s/min), 7,493,183 distinct states found (1,409,096 ds/min), 1,453,272 states left on queue.
Progress(34) at 2026-07-23 21:16:35: 25,679,399 states generated (4,139,315 s/min), 8,877,684 distinct states found (1,384,501 ds/min), 1,651,489 states left on queue.
Progress(34) at 2026-07-23 21:17:35: 30,051,597 states generated (4,372,198 s/min), 10,335,939 distinct states found (1,458,255 ds/min), 1,849,961 states left on queue.
Checking 3 branches of temporal properties for the current state space with 35310825 total distinct states at (2026-07-23 21:18:35)
Finished checking temporal properties in 02min 06s at 2026-07-23 21:20:41
Progress(35) at 2026-07-23 21:20:41: 34,392,552 states generated (4,340,955 s/min), 11,770,275 distinct states found (1,434,336 ds/min), 2,023,343 states left on queue.
Progress(36) at 2026-07-23 21:21:41: 38,587,601 states generated (4,195,049 s/min), 13,156,772 distinct states found (1,386,497 ds/min), 2,192,447 states left on queue.
Progress(36) at 2026-07-23 21:22:41: 42,862,331 states generated (4,274,730 s/min), 14,562,325 distinct states found (1,405,553 ds/min), 2,351,131 states left on queue.
Progress(37) at 2026-07-23 21:23:41: 47,289,403 states generated (4,427,072 s/min), 16,005,535 distinct states found (1,443,210 ds/min), 2,498,236 states left on queue.
Progress(37) at 2026-07-23 21:24:41: 51,585,287 states generated (4,295,884 s/min), 17,405,104 distinct states found (1,399,569 ds/min), 2,639,454 states left on queue.
Progress(38) at 2026-07-23 21:25:41: 55,845,544 states generated (4,260,257 s/min), 18,780,501 distinct states found (1,375,397 ds/min), 2,761,808 states left on queue.
Progress(38) at 2026-07-23 21:26:41: 60,134,104 states generated (4,288,560 s/min), 20,166,540 distinct states found (1,386,039 ds/min), 2,887,615 states left on queue.
Progress(39) at 2026-07-23 21:27:41: 64,390,506 states generated (4,256,402 s/min), 21,524,374 distinct states found (1,357,834 ds/min), 2,987,921 states left on queue.
Progress(39) at 2026-07-23 21:28:41: 68,578,741 states generated (4,188,235 s/min), 22,861,153 distinct states found (1,336,779 ds/min), 3,087,867 states left on queue.
Checking 3 branches of temporal properties for the current state space with 72739596 total distinct states at (2026-07-23 21:29:41)
Finished checking temporal properties in 05min 37s at 2026-07-23 21:35:18
Progress(40) at 2026-07-23 21:35:18: 72,941,779 states generated (4,363,038 s/min), 24,246,532 distinct states found (1,385,379 ds/min), 3,185,458 states left on queue.
Progress(40) at 2026-07-23 21:36:18: 77,025,769 states generated (4,083,990 s/min), 25,528,814 distinct states found (1,282,282 ds/min), 3,251,955 states left on queue.
Progress(40) at 2026-07-23 21:37:18: 81,504,941 states generated (4,479,172 s/min), 26,940,091 distinct states found (1,411,277 ds/min), 3,337,091 states left on queue.
Progress(41) at 2026-07-23 21:38:18: 85,933,775 states generated (4,428,834 s/min), 28,313,689 distinct states found (1,373,598 ds/min), 3,387,436 states left on queue.
Checkpointing of run states/26-07-23-21-08-46.784
Checkpointing completed at (2026-07-23 21:39:18)
Progress(41) at 2026-07-23 21:39:18: 90,336,556 states generated (4,402,781 s/min), 29,680,614 distinct states found (1,366,925 ds/min), 3,440,106 states left on queue.
Progress(42) at 2026-07-23 21:40:18: 94,685,259 states generated (4,348,703 s/min), 31,022,604 distinct states found (1,341,990 ds/min), 3,483,039 states left on queue.
Progress(42) at 2026-07-23 21:41:18: 98,804,859 states generated (4,119,600 s/min), 32,279,895 distinct states found (1,257,291 ds/min), 3,500,351 states left on queue.
Progress(42) at 2026-07-23 21:42:18: 103,000,182 states generated (4,195,323 s/min), 33,561,350 distinct states found (1,281,455 ds/min), 3,521,751 states left on queue.
Progress(43) at 2026-07-23 21:43:18: 107,216,710 states generated (4,216,528 s/min), 34,835,697 distinct states found (1,274,347 ds/min), 3,522,781 states left on queue.
Progress(43) at 2026-07-23 21:44:18: 111,436,427 states generated (4,219,717 s/min), 36,108,883 distinct states found (1,273,186 ds/min), 3,518,468 states left on queue.
Progress(43) at 2026-07-23 21:45:18: 115,805,309 states generated (4,368,882 s/min), 37,427,763 distinct states found (1,318,880 ds/min), 3,518,171 states left on queue.
Progress(44) at 2026-07-23 21:46:18: 120,355,175 states generated (4,549,866 s/min), 38,783,759 distinct states found (1,355,996 ds/min), 3,488,226 states left on queue.
Progress(44) at 2026-07-23 21:47:18: 124,831,065 states generated (4,475,890 s/min), 40,114,349 distinct states found (1,330,590 ds/min), 3,455,214 states left on queue.
Progress(45) at 2026-07-23 21:48:18: 129,345,192 states generated (4,514,127 s/min), 41,455,295 distinct states found (1,340,946 ds/min), 3,422,144 states left on queue.
Progress(45) at 2026-07-23 21:49:18: 133,686,274 states generated (4,341,082 s/min), 42,728,375 distinct states found (1,273,080 ds/min), 3,364,433 states left on queue.
Progress(45) at 2026-07-23 21:50:18: 138,180,384 states generated (4,494,110 s/min), 44,047,267 distinct states found (1,318,892 ds/min), 3,306,479 states left on queue.
Progress(46) at 2026-07-23 21:51:18: 142,632,157 states generated (4,451,773 s/min), 45,348,300 distinct states found (1,301,033 ds/min), 3,242,317 states left on queue.
Progress(46) at 2026-07-23 21:52:18: 147,119,212 states generated (4,487,055 s/min), 46,654,533 distinct states found (1,306,233 ds/min), 3,169,336 states left on queue.
Progress(47) at 2026-07-23 21:53:18: 151,470,644 states generated (4,351,432 s/min), 47,916,878 distinct states found (1,262,345 ds/min), 3,094,197 states left on queue.
Progress(47) at 2026-07-23 21:54:18: 155,862,741 states generated (4,392,097 s/min), 49,177,061 distinct states found (1,260,183 ds/min), 2,999,208 states left on queue.
Progress(47) at 2026-07-23 21:55:25: 159,920,682 states generated (4,057,941 s/min), 50,350,517 distinct states found (1,173,456 ds/min), 2,923,110 states left on queue.
Progress(48) at 2026-07-23 21:56:25: 164,406,251 states generated (4,485,569 s/min), 51,632,127 distinct states found (1,281,610 ds/min), 2,820,908 states left on queue.
Checking 3 branches of temporal properties for the current state space with 158634657 total distinct states at (2026-07-23 21:57:25)
Finished checking temporal properties in 11min 27s at 2026-07-23 22:08:52
Progress(48) at 2026-07-23 22:08:52: 168,781,747 states generated (4,375,496 s/min), 52,878,219 distinct states found (1,246,092 ds/min), 2,714,603 states left on queue.
Checkpointing of run states/26-07-23-21-08-46.784
Checkpointing completed at (2026-07-23 22:09:53)
Progress(49) at 2026-07-23 22:09:53: 172,952,932 states generated (4,171,185 s/min), 54,057,160 distinct states found (1,178,941 ds/min), 2,601,517 states left on queue.
Progress(49) at 2026-07-23 22:10:53: 177,178,334 states generated (4,225,402 s/min), 55,251,383 distinct states found (1,194,223 ds/min), 2,488,192 states left on queue.
Progress(50) at 2026-07-23 22:11:53: 181,460,444 states generated (4,282,110 s/min), 56,451,000 distinct states found (1,199,617 ds/min), 2,357,052 states left on queue.
Progress(50) at 2026-07-23 22:12:53: 185,847,835 states generated (4,387,391 s/min), 57,680,286 distinct states found (1,229,286 ds/min), 2,224,380 states left on queue.
Progress(51) at 2026-07-23 22:13:53: 190,227,964 states generated (4,380,129 s/min), 58,884,693 distinct states found (1,204,407 ds/min), 2,059,337 states left on queue.
Progress(52) at 2026-07-23 22:14:53: 194,387,015 states generated (4,159,051 s/min), 60,031,058 distinct states found (1,146,365 ds/min), 1,906,403 states left on queue.
Progress(52) at 2026-07-23 22:15:53: 198,774,830 states generated (4,387,815 s/min), 61,231,441 distinct states found (1,200,383 ds/min), 1,731,635 states left on queue.
Progress(53) at 2026-07-23 22:16:53: 203,014,449 states generated (4,239,619 s/min), 62,374,830 distinct states found (1,143,389 ds/min), 1,541,230 states left on queue.
Progress(54) at 2026-07-23 22:17:53: 207,126,538 states generated (4,112,089 s/min), 63,483,269 distinct states found (1,108,439 ds/min), 1,356,099 states left on queue.
Progress(55) at 2026-07-23 22:18:53: 211,172,498 states generated (4,045,960 s/min), 64,569,885 distinct states found (1,086,616 ds/min), 1,168,547 states left on queue.
Progress(56) at 2026-07-23 22:19:53: 215,356,914 states generated (4,184,416 s/min), 65,688,353 distinct states found (1,118,468 ds/min), 969,418 states left on queue.
Progress(57) at 2026-07-23 22:20:53: 219,517,035 states generated (4,160,121 s/min), 66,803,937 distinct states found (1,115,584 ds/min), 776,442 states left on queue.
Progress(59) at 2026-07-23 22:21:53: 223,661,854 states generated (4,144,819 s/min), 67,913,477 distinct states found (1,109,540 ds/min), 580,273 states left on queue.
Progress(62) at 2026-07-23 22:22:53: 227,806,504 states generated (4,144,650 s/min), 69,011,501 distinct states found (1,098,024 ds/min), 367,007 states left on queue.
Progress(67) at 2026-07-23 22:23:53: 231,858,870 states generated (4,052,366 s/min), 70,071,215 distinct states found (1,059,714 ds/min), 142,061 states left on queue.
Progress(97) at 2026-07-23 22:24:25: 234,050,845 states generated, 70,628,360 distinct states found, 0 states left on queue.
Checking 3 branches of temporal properties for the complete state space with 211885080 total distinct states at (2026-07-23 22:24:25)
Finished checking temporal properties in 15min 06s at 2026-07-23 22:39:31
Model checking completed. No error has been found.
  Estimates of the probability that TLC did not check all reachable states
  because two distinct states had the same fingerprint:
  calculated (optimistic):  val = 6.3E-4
  based on the actual fingerprints:  val = 1.3E-4
234050845 states generated, 70628360 distinct states found, 0 states left on queue.
The depth of the complete state graph search is 97.
The average outdegree of the complete state graph is 1 (minimum is 0, the maximum 6 and the 95th percentile is 2).
Finished in 01h 30min at (2026-07-23 22:39:41)
