TLC2 Version 2026.07.15.134331 (rev: 227f61b)
Running breadth-first search Model-Checking with fp 4 and seed 7437988395212411897 with 8 workers on 128 cores with 27305MB heap and 64MB offheap memory [pid: 30336] (Linux 6.8.0-134-generic amd64, Debian 11.0.24 64bit, MSBDiskFPSet, DiskStateQueue).
Parsing file /workspace/robust-futex-work/tla/MCWRetainNoExitWake.tla
Parsing file /workspace/robust-futex-work/tla/WaitersRetain.tla
Parsing file /tmp/tlc-15830503834232745629/_TLCTrace.tla (jar:file:/workspace/robust-futex-work/tla/tla2tools.jar!/tla2sany/StandardModules/_TLCTrace.tla)
Parsing file /tmp/tlc-15830503834232745629/Naturals.tla (jar:file:/workspace/robust-futex-work/tla/tla2tools.jar!/tla2sany/StandardModules/Naturals.tla)
Parsing file /tmp/tlc-15830503834232745629/Sequences.tla (jar:file:/workspace/robust-futex-work/tla/tla2tools.jar!/tla2sany/StandardModules/Sequences.tla)
Parsing file /tmp/tlc-15830503834232745629/FiniteSets.tla (jar:file:/workspace/robust-futex-work/tla/tla2tools.jar!/tla2sany/StandardModules/FiniteSets.tla)
Parsing file /tmp/tlc-15830503834232745629/TLC.tla (jar:file:/workspace/robust-futex-work/tla/tla2tools.jar!/tla2sany/StandardModules/TLC.tla)
Parsing file /tmp/tlc-15830503834232745629/TLCExt.tla (jar:file:/workspace/robust-futex-work/tla/tla2tools.jar!/tla2sany/StandardModules/TLCExt.tla)
Parsing file /tmp/tlc-15830503834232745629/Integers.tla (jar:file:/workspace/robust-futex-work/tla/tla2tools.jar!/tla2sany/StandardModules/Integers.tla)
Semantic processing of module Naturals
Semantic processing of module Sequences
Semantic processing of module FiniteSets
Semantic processing of module WaitersRetain
Semantic processing of module TLC
Semantic processing of module Integers
Semantic processing of module TLCExt
Semantic processing of module _TLCTrace
Semantic processing of module MCWRetainNoExitWake
Linting of module WaitersRetain
Linting of module TLCExt
Linting of module _TLCTrace
Linting of module MCWRetainNoExitWake
Starting... (2026-07-23 19:35:47)
Implied-temporal checking--satisfiability problem has 3 branches.
Computing initial states...
Finished computing initial states: 1 distinct state generated at 2026-07-23 19:35:47.
Checking 3 branches of temporal properties for the current state space with 92037 total distinct states at (2026-07-23 19:35:50)
Finished checking temporal properties in 00s at 2026-07-23 19:35:51
Progress(16) at 2026-07-23 19:35:51: 76,358 states generated (76,358 s/min), 30,681 distinct states found (30,681 ds/min), 11,380 states left on queue.
Checking 3 branches of temporal properties for the current state space with 4902435 total distinct states at (2026-07-23 19:36:51)
Error: Temporal property WaiterServed was violated.

Error: The following behavior constitutes a counter-example:

State 1: <Initial predicate>
/\ word = [own |-> 0, od |-> FALSE, wtr |-> FALSE]
/\ alive = <<TRUE, TRUE, TRUE>>
/\ q = <<>>
/\ pc = <<"idle", "idle", "idle">>
/\ waited = <<FALSE, FALSE, FALSE>>
/\ pending = <<FALSE, FALSE, FALSE>>
/\ assume_w = <<FALSE, FALSE, FALSE>>
/\ srem = <<FALSE, FALSE, FALSE>>
/\ expw = << [own |-> 0, od |-> FALSE, wtr |-> FALSE],
   [own |-> 0, od |-> FALSE, wtr |-> FALSE],
   [own |-> 0, od |-> FALSE, wtr |-> FALSE] >>
/\ enq = <<FALSE, FALSE, FALSE>>
/\ wsnap = << [own |-> 0, od |-> FALSE, wtr |-> FALSE],
   [own |-> 0, od |-> FALSE, wtr |-> FALSE],
   [own |-> 0, od |-> FALSE, wtr |-> FALSE] >>
/\ wpc = <<"run", "run", "run">>

State 2: <StartAcq(1) line 164, col 5 to line 169, col 64 of module WaitersRetain>
/\ word = [own |-> 0, od |-> FALSE, wtr |-> FALSE]
/\ alive = <<TRUE, TRUE, TRUE>>
/\ q = <<>>
/\ pc = <<"acq", "idle", "idle">>
/\ waited = <<FALSE, FALSE, FALSE>>
/\ pending = <<TRUE, FALSE, FALSE>>
/\ assume_w = <<FALSE, FALSE, FALSE>>
/\ srem = <<FALSE, FALSE, FALSE>>
/\ expw = << [own |-> 0, od |-> FALSE, wtr |-> FALSE],
   [own |-> 0, od |-> FALSE, wtr |-> FALSE],
   [own |-> 0, od |-> FALSE, wtr |-> FALSE] >>
/\ enq = <<FALSE, FALSE, FALSE>>
/\ wsnap = << [own |-> 0, od |-> FALSE, wtr |-> FALSE],
   [own |-> 0, od |-> FALSE, wtr |-> FALSE],
   [own |-> 0, od |-> FALSE, wtr |-> FALSE] >>
/\ wpc = <<"run", "run", "run">>

State 3: <StartAcq(3) line 164, col 5 to line 169, col 64 of module WaitersRetain>
/\ word = [own |-> 0, od |-> FALSE, wtr |-> FALSE]
/\ alive = <<TRUE, TRUE, TRUE>>
/\ q = <<>>
/\ pc = <<"acq", "idle", "acq">>
/\ waited = <<FALSE, FALSE, FALSE>>
/\ pending = <<TRUE, FALSE, TRUE>>
/\ assume_w = <<FALSE, FALSE, FALSE>>
/\ srem = <<FALSE, FALSE, FALSE>>
/\ expw = << [own |-> 0, od |-> FALSE, wtr |-> FALSE],
   [own |-> 0, od |-> FALSE, wtr |-> FALSE],
   [own |-> 0, od |-> FALSE, wtr |-> FALSE] >>
/\ enq = <<FALSE, FALSE, FALSE>>
/\ wsnap = << [own |-> 0, od |-> FALSE, wtr |-> FALSE],
   [own |-> 0, od |-> FALSE, wtr |-> FALSE],
   [own |-> 0, od |-> FALSE, wtr |-> FALSE] >>
/\ wpc = <<"run", "run", "run">>

State 4: <StartAcq(2) line 164, col 5 to line 169, col 64 of module WaitersRetain>
/\ word = [own |-> 0, od |-> FALSE, wtr |-> FALSE]
/\ alive = <<TRUE, TRUE, TRUE>>
/\ q = <<>>
/\ pc = <<"acq", "acq", "acq">>
/\ waited = <<FALSE, FALSE, FALSE>>
/\ pending = <<TRUE, TRUE, TRUE>>
/\ assume_w = <<FALSE, FALSE, FALSE>>
/\ srem = <<FALSE, FALSE, FALSE>>
/\ expw = << [own |-> 0, od |-> FALSE, wtr |-> FALSE],
   [own |-> 0, od |-> FALSE, wtr |-> FALSE],
   [own |-> 0, od |-> FALSE, wtr |-> FALSE] >>
/\ enq = <<FALSE, FALSE, FALSE>>
/\ wsnap = << [own |-> 0, od |-> FALSE, wtr |-> FALSE],
   [own |-> 0, od |-> FALSE, wtr |-> FALSE],
   [own |-> 0, od |-> FALSE, wtr |-> FALSE] >>
/\ wpc = <<"run", "run", "run">>

State 5: <TryAcquire(3) line 177, col 5 to line 183, col 31 of module WaitersRetain>
/\ word = [own |-> 3, od |-> FALSE, wtr |-> FALSE]
/\ alive = <<TRUE, TRUE, TRUE>>
/\ q = <<>>
/\ pc = <<"acq", "acq", "acquired">>
/\ waited = <<FALSE, FALSE, FALSE>>
/\ pending = <<TRUE, TRUE, TRUE>>
/\ assume_w = <<FALSE, FALSE, FALSE>>
/\ srem = <<FALSE, FALSE, FALSE>>
/\ expw = << [own |-> 0, od |-> FALSE, wtr |-> FALSE],
   [own |-> 0, od |-> FALSE, wtr |-> FALSE],
   [own |-> 0, od |-> FALSE, wtr |-> FALSE] >>
/\ enq = <<FALSE, FALSE, FALSE>>
/\ wsnap = << [own |-> 0, od |-> FALSE, wtr |-> FALSE],
   [own |-> 0, od |-> FALSE, wtr |-> FALSE],
   [own |-> 0, od |-> FALSE, wtr |-> FALSE] >>
/\ wpc = <<"run", "run", "run">>

State 6: <SetWtr(1) line 198, col 5 to line 204, col 69 of module WaitersRetain>
/\ word = [own |-> 3, od |-> FALSE, wtr |-> TRUE]
/\ alive = <<TRUE, TRUE, TRUE>>
/\ q = <<>>
/\ pc = <<"waitpre", "acq", "acquired">>
/\ waited = <<FALSE, FALSE, FALSE>>
/\ pending = <<TRUE, TRUE, TRUE>>
/\ assume_w = <<TRUE, FALSE, FALSE>>
/\ srem = <<FALSE, FALSE, FALSE>>
/\ expw = << [own |-> 3, od |-> FALSE, wtr |-> TRUE],
   [own |-> 0, od |-> FALSE, wtr |-> FALSE],
   [own |-> 0, od |-> FALSE, wtr |-> FALSE] >>
/\ enq = <<FALSE, FALSE, FALSE>>
/\ wsnap = << [own |-> 0, od |-> FALSE, wtr |-> FALSE],
   [own |-> 0, od |-> FALSE, wtr |-> FALSE],
   [own |-> 0, od |-> FALSE, wtr |-> FALSE] >>
/\ wpc = <<"run", "run", "run">>

State 7: <SnapWait(2) line 208, col 5 to line 213, col 75 of module WaitersRetain>
/\ word = [own |-> 3, od |-> FALSE, wtr |-> TRUE]
/\ alive = <<TRUE, TRUE, TRUE>>
/\ q = <<>>
/\ pc = <<"waitpre", "waitpre", "acquired">>
/\ waited = <<FALSE, FALSE, FALSE>>
/\ pending = <<TRUE, TRUE, TRUE>>
/\ assume_w = <<TRUE, TRUE, FALSE>>
/\ srem = <<FALSE, FALSE, FALSE>>
/\ expw = << [own |-> 3, od |-> FALSE, wtr |-> TRUE],
   [own |-> 3, od |-> FALSE, wtr |-> TRUE],
   [own |-> 0, od |-> FALSE, wtr |-> FALSE] >>
/\ enq = <<FALSE, FALSE, FALSE>>
/\ wsnap = << [own |-> 0, od |-> FALSE, wtr |-> FALSE],
   [own |-> 0, od |-> FALSE, wtr |-> FALSE],
   [own |-> 0, od |-> FALSE, wtr |-> FALSE] >>
/\ wpc = <<"run", "run", "run">>

State 8: <FutexWait(1) line 221, col 5 to line 230, col 26 of module WaitersRetain>
/\ word = [own |-> 3, od |-> FALSE, wtr |-> TRUE]
/\ alive = <<TRUE, TRUE, TRUE>>
/\ q = <<1>>
/\ pc = <<"sleeping", "waitpre", "acquired">>
/\ waited = <<TRUE, FALSE, FALSE>>
/\ pending = <<TRUE, TRUE, TRUE>>
/\ assume_w = <<TRUE, TRUE, FALSE>>
/\ srem = <<FALSE, FALSE, FALSE>>
/\ expw = << [own |-> 3, od |-> FALSE, wtr |-> TRUE],
   [own |-> 3, od |-> FALSE, wtr |-> TRUE],
   [own |-> 0, od |-> FALSE, wtr |-> FALSE] >>
/\ enq = <<FALSE, FALSE, FALSE>>
/\ wsnap = << [own |-> 0, od |-> FALSE, wtr |-> FALSE],
   [own |-> 0, od |-> FALSE, wtr |-> FALSE],
   [own |-> 0, od |-> FALSE, wtr |-> FALSE] >>
/\ wpc = <<"run", "run", "run">>

State 9: <Die(3) line 351, col 5 to line 357, col 26 of module WaitersRetain>
/\ word = [own |-> 3, od |-> FALSE, wtr |-> TRUE]
/\ alive = <<TRUE, TRUE, FALSE>>
/\ q = <<1>>
/\ pc = <<"sleeping", "waitpre", "acquired">>
/\ waited = <<TRUE, FALSE, FALSE>>
/\ pending = <<TRUE, TRUE, TRUE>>
/\ assume_w = <<TRUE, TRUE, FALSE>>
/\ srem = <<FALSE, FALSE, FALSE>>
/\ expw = << [own |-> 3, od |-> FALSE, wtr |-> TRUE],
   [own |-> 3, od |-> FALSE, wtr |-> TRUE],
   [own |-> 0, od |-> FALSE, wtr |-> FALSE] >>
/\ enq = <<FALSE, FALSE, FALSE>>
/\ wsnap = << [own |-> 0, od |-> FALSE, wtr |-> FALSE],
   [own |-> 0, od |-> FALSE, wtr |-> FALSE],
   [own |-> 0, od |-> FALSE, wtr |-> FALSE] >>
/\ wpc = <<"run", "run", "e_read">>

State 10: <WalkEntryRead(3) line 362, col 5 to line 369, col 31 of module WaitersRetain>
/\ word = [own |-> 3, od |-> FALSE, wtr |-> TRUE]
/\ alive = <<TRUE, TRUE, FALSE>>
/\ q = <<1>>
/\ pc = <<"sleeping", "waitpre", "acquired">>
/\ waited = <<TRUE, FALSE, FALSE>>
/\ pending = <<TRUE, TRUE, TRUE>>
/\ assume_w = <<TRUE, TRUE, FALSE>>
/\ srem = <<FALSE, FALSE, FALSE>>
/\ expw = << [own |-> 3, od |-> FALSE, wtr |-> TRUE],
   [own |-> 3, od |-> FALSE, wtr |-> TRUE],
   [own |-> 0, od |-> FALSE, wtr |-> FALSE] >>
/\ enq = <<FALSE, FALSE, FALSE>>
/\ wsnap = << [own |-> 0, od |-> FALSE, wtr |-> FALSE],
   [own |-> 0, od |-> FALSE, wtr |-> FALSE],
   [own |-> 0, od |-> FALSE, wtr |-> FALSE] >>
/\ wpc = <<"run", "run", "p_read">>

State 11: <WalkPendingRead(3) line 405, col 5 to line 412, col 31 of module WaitersRetain>
/\ word = [own |-> 3, od |-> FALSE, wtr |-> TRUE]
/\ alive = <<TRUE, TRUE, FALSE>>
/\ q = <<1>>
/\ pc = <<"sleeping", "waitpre", "acquired">>
/\ waited = <<TRUE, FALSE, FALSE>>
/\ pending = <<TRUE, TRUE, TRUE>>
/\ assume_w = <<TRUE, TRUE, FALSE>>
/\ srem = <<FALSE, FALSE, FALSE>>
/\ expw = << [own |-> 3, od |-> FALSE, wtr |-> TRUE],
   [own |-> 3, od |-> FALSE, wtr |-> TRUE],
   [own |-> 0, od |-> FALSE, wtr |-> FALSE] >>
/\ enq = <<FALSE, FALSE, FALSE>>
/\ wsnap = << [own |-> 0, od |-> FALSE, wtr |-> FALSE],
   [own |-> 0, od |-> FALSE, wtr |-> FALSE],
   [own |-> 3, od |-> FALSE, wtr |-> TRUE] >>
/\ wpc = <<"run", "run", "p_chk">>

State 12: <FutexWait(2) line 221, col 5 to line 230, col 26 of module WaitersRetain>
/\ word = [own |-> 3, od |-> FALSE, wtr |-> TRUE]
/\ alive = <<TRUE, TRUE, FALSE>>
/\ q = <<1, 2>>
/\ pc = <<"sleeping", "sleeping", "acquired">>
/\ waited = <<TRUE, TRUE, FALSE>>
/\ pending = <<TRUE, TRUE, TRUE>>
/\ assume_w = <<TRUE, TRUE, FALSE>>
/\ srem = <<FALSE, FALSE, FALSE>>
/\ expw = << [own |-> 3, od |-> FALSE, wtr |-> TRUE],
   [own |-> 3, od |-> FALSE, wtr |-> TRUE],
   [own |-> 0, od |-> FALSE, wtr |-> FALSE] >>
/\ enq = <<FALSE, FALSE, FALSE>>
/\ wsnap = << [own |-> 0, od |-> FALSE, wtr |-> FALSE],
   [own |-> 0, od |-> FALSE, wtr |-> FALSE],
   [own |-> 3, od |-> FALSE, wtr |-> TRUE] >>
/\ wpc = <<"run", "run", "p_chk">>

State 13: <WalkPendingChk(3) line 420, col 5 to line 438, col 25 of module WaitersRetain>
/\ word = [own |-> 0, od |-> TRUE, wtr |-> TRUE]
/\ alive = <<TRUE, TRUE, FALSE>>
/\ q = <<1, 2>>
/\ pc = <<"sleeping", "sleeping", "acquired">>
/\ waited = <<TRUE, TRUE, FALSE>>
/\ pending = <<TRUE, TRUE, TRUE>>
/\ assume_w = <<TRUE, TRUE, FALSE>>
/\ srem = <<FALSE, FALSE, FALSE>>
/\ expw = << [own |-> 3, od |-> FALSE, wtr |-> TRUE],
   [own |-> 3, od |-> FALSE, wtr |-> TRUE],
   [own |-> 0, od |-> FALSE, wtr |-> FALSE] >>
/\ enq = <<FALSE, FALSE, FALSE>>
/\ wsnap = << [own |-> 0, od |-> FALSE, wtr |-> FALSE],
   [own |-> 0, od |-> FALSE, wtr |-> FALSE],
   [own |-> 0, od |-> FALSE, wtr |-> FALSE] >>
/\ wpc = <<"run", "run", "p_wake">>

State 14: <WalkPendingWake(3) line 442, col 5 to line 450, col 26 of module WaitersRetain>
/\ word = [own |-> 0, od |-> TRUE, wtr |-> TRUE]
/\ alive = <<TRUE, TRUE, FALSE>>
/\ q = <<2>>
/\ pc = <<"acq", "sleeping", "acquired">>
/\ waited = <<TRUE, TRUE, FALSE>>
/\ pending = <<TRUE, TRUE, TRUE>>
/\ assume_w = <<TRUE, TRUE, FALSE>>
/\ srem = <<FALSE, FALSE, FALSE>>
/\ expw = << [own |-> 3, od |-> FALSE, wtr |-> TRUE],
   [own |-> 3, od |-> FALSE, wtr |-> TRUE],
   [own |-> 0, od |-> FALSE, wtr |-> FALSE] >>
/\ enq = <<FALSE, FALSE, FALSE>>
/\ wsnap = << [own |-> 0, od |-> FALSE, wtr |-> FALSE],
   [own |-> 0, od |-> FALSE, wtr |-> FALSE],
   [own |-> 0, od |-> FALSE, wtr |-> FALSE] >>
/\ wpc = <<"run", "run", "done">>

State 15: <Reincarnate(3) line 454, col 5 to line 465, col 28 of module WaitersRetain>
/\ word = [own |-> 0, od |-> TRUE, wtr |-> TRUE]
/\ alive = <<TRUE, TRUE, TRUE>>
/\ q = <<2>>
/\ pc = <<"acq", "sleeping", "idle">>
/\ waited = <<TRUE, TRUE, FALSE>>
/\ pending = <<TRUE, TRUE, FALSE>>
/\ assume_w = <<TRUE, TRUE, FALSE>>
/\ srem = <<FALSE, FALSE, FALSE>>
/\ expw = << [own |-> 3, od |-> FALSE, wtr |-> TRUE],
   [own |-> 3, od |-> FALSE, wtr |-> TRUE],
   [own |-> 0, od |-> FALSE, wtr |-> FALSE] >>
/\ enq = <<FALSE, FALSE, FALSE>>
/\ wsnap = << [own |-> 0, od |-> FALSE, wtr |-> FALSE],
   [own |-> 0, od |-> FALSE, wtr |-> FALSE],
   [own |-> 0, od |-> FALSE, wtr |-> FALSE] >>
/\ wpc = <<"run", "run", "run">>

State 16: <Die(1) line 351, col 5 to line 357, col 26 of module WaitersRetain>
/\ word = [own |-> 0, od |-> TRUE, wtr |-> TRUE]
/\ alive = <<FALSE, TRUE, TRUE>>
/\ q = <<2>>
/\ pc = <<"acq", "sleeping", "idle">>
/\ waited = <<TRUE, TRUE, FALSE>>
/\ pending = <<TRUE, TRUE, FALSE>>
/\ assume_w = <<TRUE, TRUE, FALSE>>
/\ srem = <<FALSE, FALSE, FALSE>>
/\ expw = << [own |-> 3, od |-> FALSE, wtr |-> TRUE],
   [own |-> 3, od |-> FALSE, wtr |-> TRUE],
   [own |-> 0, od |-> FALSE, wtr |-> FALSE] >>
/\ enq = <<FALSE, FALSE, FALSE>>
/\ wsnap = << [own |-> 0, od |-> FALSE, wtr |-> FALSE],
   [own |-> 0, od |-> FALSE, wtr |-> FALSE],
   [own |-> 0, od |-> FALSE, wtr |-> FALSE] >>
/\ wpc = <<"e_read", "run", "run">>

State 17: <WalkEntryRead(1) line 362, col 5 to line 369, col 31 of module WaitersRetain>
/\ word = [own |-> 0, od |-> TRUE, wtr |-> TRUE]
/\ alive = <<FALSE, TRUE, TRUE>>
/\ q = <<2>>
/\ pc = <<"acq", "sleeping", "idle">>
/\ waited = <<TRUE, TRUE, FALSE>>
/\ pending = <<TRUE, TRUE, FALSE>>
/\ assume_w = <<TRUE, TRUE, FALSE>>
/\ srem = <<FALSE, FALSE, FALSE>>
/\ expw = << [own |-> 3, od |-> FALSE, wtr |-> TRUE],
   [own |-> 3, od |-> FALSE, wtr |-> TRUE],
   [own |-> 0, od |-> FALSE, wtr |-> FALSE] >>
/\ enq = <<FALSE, FALSE, FALSE>>
/\ wsnap = << [own |-> 0, od |-> FALSE, wtr |-> FALSE],
   [own |-> 0, od |-> FALSE, wtr |-> FALSE],
   [own |-> 0, od |-> FALSE, wtr |-> FALSE] >>
/\ wpc = <<"p_read", "run", "run">>

State 18: <WalkPendingRead(1) line 405, col 5 to line 412, col 31 of module WaitersRetain>
/\ word = [own |-> 0, od |-> TRUE, wtr |-> TRUE]
/\ alive = <<FALSE, TRUE, TRUE>>
/\ q = <<2>>
/\ pc = <<"acq", "sleeping", "idle">>
/\ waited = <<TRUE, TRUE, FALSE>>
/\ pending = <<TRUE, TRUE, FALSE>>
/\ assume_w = <<TRUE, TRUE, FALSE>>
/\ srem = <<FALSE, FALSE, FALSE>>
/\ expw = << [own |-> 3, od |-> FALSE, wtr |-> TRUE],
   [own |-> 3, od |-> FALSE, wtr |-> TRUE],
   [own |-> 0, od |-> FALSE, wtr |-> FALSE] >>
/\ enq = <<FALSE, FALSE, FALSE>>
/\ wsnap = << [own |-> 0, od |-> TRUE, wtr |-> TRUE],
   [own |-> 0, od |-> FALSE, wtr |-> FALSE],
   [own |-> 0, od |-> FALSE, wtr |-> FALSE] >>
/\ wpc = <<"p_chk", "run", "run">>

State 19: <WalkPendingChk(1) line 420, col 5 to line 438, col 25 of module WaitersRetain>
/\ word = [own |-> 0, od |-> TRUE, wtr |-> TRUE]
/\ alive = <<FALSE, TRUE, TRUE>>
/\ q = <<2>>
/\ pc = <<"acq", "sleeping", "idle">>
/\ waited = <<TRUE, TRUE, FALSE>>
/\ pending = <<TRUE, TRUE, FALSE>>
/\ assume_w = <<TRUE, TRUE, FALSE>>
/\ srem = <<FALSE, FALSE, FALSE>>
/\ expw = << [own |-> 3, od |-> FALSE, wtr |-> TRUE],
   [own |-> 3, od |-> FALSE, wtr |-> TRUE],
   [own |-> 0, od |-> FALSE, wtr |-> FALSE] >>
/\ enq = <<FALSE, FALSE, FALSE>>
/\ wsnap = << [own |-> 0, od |-> FALSE, wtr |-> FALSE],
   [own |-> 0, od |-> FALSE, wtr |-> FALSE],
   [own |-> 0, od |-> FALSE, wtr |-> FALSE] >>
/\ wpc = <<"done", "run", "run">>

State 20: <Reincarnate(1) line 454, col 5 to line 465, col 28 of module WaitersRetain>
/\ word = [own |-> 0, od |-> TRUE, wtr |-> TRUE]
/\ alive = <<TRUE, TRUE, TRUE>>
/\ q = <<2>>
/\ pc = <<"idle", "sleeping", "idle">>
/\ waited = <<FALSE, TRUE, FALSE>>
/\ pending = <<FALSE, TRUE, FALSE>>
/\ assume_w = <<FALSE, TRUE, FALSE>>
/\ srem = <<FALSE, FALSE, FALSE>>
/\ expw = << [own |-> 0, od |-> FALSE, wtr |-> FALSE],
   [own |-> 3, od |-> FALSE, wtr |-> TRUE],
   [own |-> 0, od |-> FALSE, wtr |-> FALSE] >>
/\ enq = <<FALSE, FALSE, FALSE>>
/\ wsnap = << [own |-> 0, od |-> FALSE, wtr |-> FALSE],
   [own |-> 0, od |-> FALSE, wtr |-> FALSE],
   [own |-> 0, od |-> FALSE, wtr |-> FALSE] >>
/\ wpc = <<"run", "run", "run">>

State 21: Stuttering
Finished checking temporal properties in 01s at 2026-07-23 19:36:52
4565271 states generated, 1634145 distinct states found, 390956 states left on queue.
The depth of the complete state graph search is 27.
Finished in 01min 05s at (2026-07-23 19:36:52)
Trace exploration spec path: ./MCWRetainNoExitWake_TTrace_1784835347.tla
