TLC2 Version 2026.07.15.134331 (rev: 227f61b)
Running breadth-first search Model-Checking with fp 95 and seed 3250134038270398013 with 8 workers on 128 cores with 27305MB heap and 64MB offheap memory [pid: 29954] (Linux 6.8.0-134-generic amd64, Debian 11.0.24 64bit, MSBDiskFPSet, DiskStateQueue).
Parsing file /workspace/robust-futex-work/tla/MCWRetainUnsync.tla
Parsing file /workspace/robust-futex-work/tla/WaitersRetain.tla
Parsing file /tmp/tlc-12546690576616080399/_TLCTrace.tla (jar:file:/workspace/robust-futex-work/tla/tla2tools.jar!/tla2sany/StandardModules/_TLCTrace.tla)
Parsing file /tmp/tlc-12546690576616080399/Naturals.tla (jar:file:/workspace/robust-futex-work/tla/tla2tools.jar!/tla2sany/StandardModules/Naturals.tla)
Parsing file /tmp/tlc-12546690576616080399/Sequences.tla (jar:file:/workspace/robust-futex-work/tla/tla2tools.jar!/tla2sany/StandardModules/Sequences.tla)
Parsing file /tmp/tlc-12546690576616080399/FiniteSets.tla (jar:file:/workspace/robust-futex-work/tla/tla2tools.jar!/tla2sany/StandardModules/FiniteSets.tla)
Parsing file /tmp/tlc-12546690576616080399/TLC.tla (jar:file:/workspace/robust-futex-work/tla/tla2tools.jar!/tla2sany/StandardModules/TLC.tla)
Parsing file /tmp/tlc-12546690576616080399/TLCExt.tla (jar:file:/workspace/robust-futex-work/tla/tla2tools.jar!/tla2sany/StandardModules/TLCExt.tla)
Parsing file /tmp/tlc-12546690576616080399/Integers.tla (jar:file:/workspace/robust-futex-work/tla/tla2tools.jar!/tla2sany/StandardModules/Integers.tla)
Semantic processing of module Naturals
Semantic processing of module Sequences
Semantic processing of module FiniteSets
Semantic processing of module WaitersRetain
Semantic processing of module TLC
Semantic processing of module Integers
Semantic processing of module TLCExt
Semantic processing of module _TLCTrace
Semantic processing of module MCWRetainUnsync
Linting of module WaitersRetain
Linting of module TLCExt
Linting of module _TLCTrace
Linting of module MCWRetainUnsync
Starting... (2026-07-23 19:31:58)
Implied-temporal checking--satisfiability problem has 3 branches.
Computing initial states...
Finished computing initial states: 1 distinct state generated at 2026-07-23 19:31:58.
Checking 3 branches of temporal properties for the current state space with 88089 total distinct states at (2026-07-23 19:32:01)
Finished checking temporal properties in 00s at 2026-07-23 19:32:02
Progress(16) at 2026-07-23 19:32:02: 73,580 states generated (73,580 s/min), 29,364 distinct states found (29,364 ds/min), 10,402 states left on queue.
Checking 3 branches of temporal properties for the current state space with 4537686 total distinct states at (2026-07-23 19:33:02)
Finished checking temporal properties in 17s at 2026-07-23 19:33:19
Progress(27) at 2026-07-23 19:33:19: 4,201,413 states generated (4,127,833 s/min), 1,512,562 distinct states found (1,483,198 ds/min), 353,953 states left on queue.
Progress(30) at 2026-07-23 19:34:19: 8,550,164 states generated (4,348,751 s/min), 3,042,770 distinct states found (1,530,208 ds/min), 649,740 states left on queue.
Checking 3 branches of temporal properties for the current state space with 13474263 total distinct states at (2026-07-23 19:35:19)
Error: Temporal property WaiterServed was violated.

Error: The following behavior constitutes a counter-example:

State 1: <Initial predicate>
/\ word = [own |-> 0, od |-> FALSE, wtr |-> FALSE]
/\ alive = <<TRUE, TRUE, TRUE>>
/\ q = <<>>
/\ pc = <<"idle", "idle", "idle">>
/\ waited = <<FALSE, FALSE, FALSE>>
/\ pending = <<FALSE, FALSE, FALSE>>
/\ assume_w = <<FALSE, FALSE, FALSE>>
/\ srem = <<FALSE, FALSE, FALSE>>
/\ expw = << [own |-> 0, od |-> FALSE, wtr |-> FALSE],
   [own |-> 0, od |-> FALSE, wtr |-> FALSE],
   [own |-> 0, od |-> FALSE, wtr |-> FALSE] >>
/\ enq = <<FALSE, FALSE, FALSE>>
/\ wsnap = << [own |-> 0, od |-> FALSE, wtr |-> FALSE],
   [own |-> 0, od |-> FALSE, wtr |-> FALSE],
   [own |-> 0, od |-> FALSE, wtr |-> FALSE] >>
/\ wpc = <<"run", "run", "run">>

State 2: <StartAcq(1) line 164, col 5 to line 169, col 64 of module WaitersRetain>
/\ word = [own |-> 0, od |-> FALSE, wtr |-> FALSE]
/\ alive = <<TRUE, TRUE, TRUE>>
/\ q = <<>>
/\ pc = <<"acq", "idle", "idle">>
/\ waited = <<FALSE, FALSE, FALSE>>
/\ pending = <<TRUE, FALSE, FALSE>>
/\ assume_w = <<FALSE, FALSE, FALSE>>
/\ srem = <<FALSE, FALSE, FALSE>>
/\ expw = << [own |-> 0, od |-> FALSE, wtr |-> FALSE],
   [own |-> 0, od |-> FALSE, wtr |-> FALSE],
   [own |-> 0, od |-> FALSE, wtr |-> FALSE] >>
/\ enq = <<FALSE, FALSE, FALSE>>
/\ wsnap = << [own |-> 0, od |-> FALSE, wtr |-> FALSE],
   [own |-> 0, od |-> FALSE, wtr |-> FALSE],
   [own |-> 0, od |-> FALSE, wtr |-> FALSE] >>
/\ wpc = <<"run", "run", "run">>

State 3: <StartAcq(2) line 164, col 5 to line 169, col 64 of module WaitersRetain>
/\ word = [own |-> 0, od |-> FALSE, wtr |-> FALSE]
/\ alive = <<TRUE, TRUE, TRUE>>
/\ q = <<>>
/\ pc = <<"acq", "acq", "idle">>
/\ waited = <<FALSE, FALSE, FALSE>>
/\ pending = <<TRUE, TRUE, FALSE>>
/\ assume_w = <<FALSE, FALSE, FALSE>>
/\ srem = <<FALSE, FALSE, FALSE>>
/\ expw = << [own |-> 0, od |-> FALSE, wtr |-> FALSE],
   [own |-> 0, od |-> FALSE, wtr |-> FALSE],
   [own |-> 0, od |-> FALSE, wtr |-> FALSE] >>
/\ enq = <<FALSE, FALSE, FALSE>>
/\ wsnap = << [own |-> 0, od |-> FALSE, wtr |-> FALSE],
   [own |-> 0, od |-> FALSE, wtr |-> FALSE],
   [own |-> 0, od |-> FALSE, wtr |-> FALSE] >>
/\ wpc = <<"run", "run", "run">>

State 4: <StartAcq(3) line 164, col 5 to line 169, col 64 of module WaitersRetain>
/\ word = [own |-> 0, od |-> FALSE, wtr |-> FALSE]
/\ alive = <<TRUE, TRUE, TRUE>>
/\ q = <<>>
/\ pc = <<"acq", "acq", "acq">>
/\ waited = <<FALSE, FALSE, FALSE>>
/\ pending = <<TRUE, TRUE, TRUE>>
/\ assume_w = <<FALSE, FALSE, FALSE>>
/\ srem = <<FALSE, FALSE, FALSE>>
/\ expw = << [own |-> 0, od |-> FALSE, wtr |-> FALSE],
   [own |-> 0, od |-> FALSE, wtr |-> FALSE],
   [own |-> 0, od |-> FALSE, wtr |-> FALSE] >>
/\ enq = <<FALSE, FALSE, FALSE>>
/\ wsnap = << [own |-> 0, od |-> FALSE, wtr |-> FALSE],
   [own |-> 0, od |-> FALSE, wtr |-> FALSE],
   [own |-> 0, od |-> FALSE, wtr |-> FALSE] >>
/\ wpc = <<"run", "run", "run">>

State 5: <TryAcquire(3) line 177, col 5 to line 183, col 31 of module WaitersRetain>
/\ word = [own |-> 3, od |-> FALSE, wtr |-> FALSE]
/\ alive = <<TRUE, TRUE, TRUE>>
/\ q = <<>>
/\ pc = <<"acq", "acq", "acquired">>
/\ waited = <<FALSE, FALSE, FALSE>>
/\ pending = <<TRUE, TRUE, TRUE>>
/\ assume_w = <<FALSE, FALSE, FALSE>>
/\ srem = <<FALSE, FALSE, FALSE>>
/\ expw = << [own |-> 0, od |-> FALSE, wtr |-> FALSE],
   [own |-> 0, od |-> FALSE, wtr |-> FALSE],
   [own |-> 0, od |-> FALSE, wtr |-> FALSE] >>
/\ enq = <<FALSE, FALSE, FALSE>>
/\ wsnap = << [own |-> 0, od |-> FALSE, wtr |-> FALSE],
   [own |-> 0, od |-> FALSE, wtr |-> FALSE],
   [own |-> 0, od |-> FALSE, wtr |-> FALSE] >>
/\ wpc = <<"run", "run", "run">>

State 6: <Enqueue(3) line 234, col 5 to line 238, col 31 of module WaitersRetain>
/\ word = [own |-> 3, od |-> FALSE, wtr |-> FALSE]
/\ alive = <<TRUE, TRUE, TRUE>>
/\ q = <<>>
/\ pc = <<"acq", "acq", "enqueued">>
/\ waited = <<FALSE, FALSE, FALSE>>
/\ pending = <<TRUE, TRUE, TRUE>>
/\ assume_w = <<FALSE, FALSE, FALSE>>
/\ srem = <<FALSE, FALSE, FALSE>>
/\ expw = << [own |-> 0, od |-> FALSE, wtr |-> FALSE],
   [own |-> 0, od |-> FALSE, wtr |-> FALSE],
   [own |-> 0, od |-> FALSE, wtr |-> FALSE] >>
/\ enq = <<FALSE, FALSE, TRUE>>
/\ wsnap = << [own |-> 0, od |-> FALSE, wtr |-> FALSE],
   [own |-> 0, od |-> FALSE, wtr |-> FALSE],
   [own |-> 0, od |-> FALSE, wtr |-> FALSE] >>
/\ wpc = <<"run", "run", "run">>

State 7: <DisarmAcq(3) line 241, col 5 to line 245, col 31 of module WaitersRetain>
/\ word = [own |-> 3, od |-> FALSE, wtr |-> FALSE]
/\ alive = <<TRUE, TRUE, TRUE>>
/\ q = <<>>
/\ pc = <<"acq", "acq", "own">>
/\ waited = <<FALSE, FALSE, FALSE>>
/\ pending = <<TRUE, TRUE, FALSE>>
/\ assume_w = <<FALSE, FALSE, FALSE>>
/\ srem = <<FALSE, FALSE, FALSE>>
/\ expw = << [own |-> 0, od |-> FALSE, wtr |-> FALSE],
   [own |-> 0, od |-> FALSE, wtr |-> FALSE],
   [own |-> 0, od |-> FALSE, wtr |-> FALSE] >>
/\ enq = <<FALSE, FALSE, TRUE>>
/\ wsnap = << [own |-> 0, od |-> FALSE, wtr |-> FALSE],
   [own |-> 0, od |-> FALSE, wtr |-> FALSE],
   [own |-> 0, od |-> FALSE, wtr |-> FALSE] >>
/\ wpc = <<"run", "run", "run">>

State 8: <StartRel(3) line 253, col 5 to line 258, col 26 of module WaitersRetain>
/\ word = [own |-> 3, od |-> FALSE, wtr |-> FALSE]
/\ alive = <<TRUE, TRUE, TRUE>>
/\ q = <<>>
/\ pc = <<"acq", "acq", "rel">>
/\ waited = <<FALSE, FALSE, FALSE>>
/\ pending = <<TRUE, TRUE, TRUE>>
/\ assume_w = <<FALSE, FALSE, FALSE>>
/\ srem = <<FALSE, FALSE, FALSE>>
/\ expw = << [own |-> 0, od |-> FALSE, wtr |-> FALSE],
   [own |-> 0, od |-> FALSE, wtr |-> FALSE],
   [own |-> 0, od |-> FALSE, wtr |-> FALSE] >>
/\ enq = <<FALSE, FALSE, FALSE>>
/\ wsnap = << [own |-> 0, od |-> FALSE, wtr |-> FALSE],
   [own |-> 0, od |-> FALSE, wtr |-> FALSE],
   [own |-> 0, od |-> FALSE, wtr |-> FALSE] >>
/\ wpc = <<"run", "run", "run">>

State 9: <SetWtr(1) line 198, col 5 to line 204, col 69 of module WaitersRetain>
/\ word = [own |-> 3, od |-> FALSE, wtr |-> TRUE]
/\ alive = <<TRUE, TRUE, TRUE>>
/\ q = <<>>
/\ pc = <<"waitpre", "acq", "rel">>
/\ waited = <<FALSE, FALSE, FALSE>>
/\ pending = <<TRUE, TRUE, TRUE>>
/\ assume_w = <<TRUE, FALSE, FALSE>>
/\ srem = <<FALSE, FALSE, FALSE>>
/\ expw = << [own |-> 3, od |-> FALSE, wtr |-> TRUE],
   [own |-> 0, od |-> FALSE, wtr |-> FALSE],
   [own |-> 0, od |-> FALSE, wtr |-> FALSE] >>
/\ enq = <<FALSE, FALSE, FALSE>>
/\ wsnap = << [own |-> 0, od |-> FALSE, wtr |-> FALSE],
   [own |-> 0, od |-> FALSE, wtr |-> FALSE],
   [own |-> 0, od |-> FALSE, wtr |-> FALSE] >>
/\ wpc = <<"run", "run", "run">>

State 10: <VdsoTry(3) line 264, col 5 to line 272, col 31 of module WaitersRetain>
/\ word = [own |-> 3, od |-> FALSE, wtr |-> TRUE]
/\ alive = <<TRUE, TRUE, TRUE>>
/\ q = <<>>
/\ pc = <<"waitpre", "acq", "relscan">>
/\ waited = <<FALSE, FALSE, FALSE>>
/\ pending = <<TRUE, TRUE, TRUE>>
/\ assume_w = <<TRUE, FALSE, FALSE>>
/\ srem = <<FALSE, FALSE, FALSE>>
/\ expw = << [own |-> 3, od |-> FALSE, wtr |-> TRUE],
   [own |-> 0, od |-> FALSE, wtr |-> FALSE],
   [own |-> 0, od |-> FALSE, wtr |-> FALSE] >>
/\ enq = <<FALSE, FALSE, FALSE>>
/\ wsnap = << [own |-> 0, od |-> FALSE, wtr |-> FALSE],
   [own |-> 0, od |-> FALSE, wtr |-> FALSE],
   [own |-> 0, od |-> FALSE, wtr |-> FALSE] >>
/\ wpc = <<"run", "run", "run">>

State 11: <RelScan(3) line 299, col 5 to line 304, col 31 of module WaitersRetain>
/\ word = [own |-> 3, od |-> FALSE, wtr |-> TRUE]
/\ alive = <<TRUE, TRUE, TRUE>>
/\ q = <<>>
/\ pc = <<"waitpre", "acq", "relstore">>
/\ waited = <<FALSE, FALSE, FALSE>>
/\ pending = <<TRUE, TRUE, TRUE>>
/\ assume_w = <<TRUE, FALSE, FALSE>>
/\ srem = <<FALSE, FALSE, FALSE>>
/\ expw = << [own |-> 3, od |-> FALSE, wtr |-> TRUE],
   [own |-> 0, od |-> FALSE, wtr |-> FALSE],
   [own |-> 0, od |-> FALSE, wtr |-> FALSE] >>
/\ enq = <<FALSE, FALSE, FALSE>>
/\ wsnap = << [own |-> 0, od |-> FALSE, wtr |-> FALSE],
   [own |-> 0, od |-> FALSE, wtr |-> FALSE],
   [own |-> 0, od |-> FALSE, wtr |-> FALSE] >>
/\ wpc = <<"run", "run", "run">>

State 12: <SnapWait(2) line 208, col 5 to line 213, col 75 of module WaitersRetain>
/\ word = [own |-> 3, od |-> FALSE, wtr |-> TRUE]
/\ alive = <<TRUE, TRUE, TRUE>>
/\ q = <<>>
/\ pc = <<"waitpre", "waitpre", "relstore">>
/\ waited = <<FALSE, FALSE, FALSE>>
/\ pending = <<TRUE, TRUE, TRUE>>
/\ assume_w = <<TRUE, TRUE, FALSE>>
/\ srem = <<FALSE, FALSE, FALSE>>
/\ expw = << [own |-> 3, od |-> FALSE, wtr |-> TRUE],
   [own |-> 3, od |-> FALSE, wtr |-> TRUE],
   [own |-> 0, od |-> FALSE, wtr |-> FALSE] >>
/\ enq = <<FALSE, FALSE, FALSE>>
/\ wsnap = << [own |-> 0, od |-> FALSE, wtr |-> FALSE],
   [own |-> 0, od |-> FALSE, wtr |-> FALSE],
   [own |-> 0, od |-> FALSE, wtr |-> FALSE] >>
/\ wpc = <<"run", "run", "run">>

State 13: <FutexWait(2) line 221, col 5 to line 230, col 26 of module WaitersRetain>
/\ word = [own |-> 3, od |-> FALSE, wtr |-> TRUE]
/\ alive = <<TRUE, TRUE, TRUE>>
/\ q = <<2>>
/\ pc = <<"waitpre", "sleeping", "relstore">>
/\ waited = <<FALSE, TRUE, FALSE>>
/\ pending = <<TRUE, TRUE, TRUE>>
/\ assume_w = <<TRUE, TRUE, FALSE>>
/\ srem = <<FALSE, FALSE, FALSE>>
/\ expw = << [own |-> 3, od |-> FALSE, wtr |-> TRUE],
   [own |-> 3, od |-> FALSE, wtr |-> TRUE],
   [own |-> 0, od |-> FALSE, wtr |-> FALSE] >>
/\ enq = <<FALSE, FALSE, FALSE>>
/\ wsnap = << [own |-> 0, od |-> FALSE, wtr |-> FALSE],
   [own |-> 0, od |-> FALSE, wtr |-> FALSE],
   [own |-> 0, od |-> FALSE, wtr |-> FALSE] >>
/\ wpc = <<"run", "run", "run">>

State 14: <FutexWait(1) line 221, col 5 to line 230, col 26 of module WaitersRetain>
/\ word = [own |-> 3, od |-> FALSE, wtr |-> TRUE]
/\ alive = <<TRUE, TRUE, TRUE>>
/\ q = <<2, 1>>
/\ pc = <<"sleeping", "sleeping", "relstore">>
/\ waited = <<TRUE, TRUE, FALSE>>
/\ pending = <<TRUE, TRUE, TRUE>>
/\ assume_w = <<TRUE, TRUE, FALSE>>
/\ srem = <<FALSE, FALSE, FALSE>>
/\ expw = << [own |-> 3, od |-> FALSE, wtr |-> TRUE],
   [own |-> 3, od |-> FALSE, wtr |-> TRUE],
   [own |-> 0, od |-> FALSE, wtr |-> FALSE] >>
/\ enq = <<FALSE, FALSE, FALSE>>
/\ wsnap = << [own |-> 0, od |-> FALSE, wtr |-> FALSE],
   [own |-> 0, od |-> FALSE, wtr |-> FALSE],
   [own |-> 0, od |-> FALSE, wtr |-> FALSE] >>
/\ wpc = <<"run", "run", "run">>

State 15: <RelStore(3) line 307, col 5 to line 312, col 31 of module WaitersRetain>
/\ word = [own |-> 0, od |-> FALSE, wtr |-> FALSE]
/\ alive = <<TRUE, TRUE, TRUE>>
/\ q = <<2, 1>>
/\ pc = <<"sleeping", "sleeping", "relwake">>
/\ waited = <<TRUE, TRUE, FALSE>>
/\ pending = <<TRUE, TRUE, TRUE>>
/\ assume_w = <<TRUE, TRUE, FALSE>>
/\ srem = <<FALSE, FALSE, FALSE>>
/\ expw = << [own |-> 3, od |-> FALSE, wtr |-> TRUE],
   [own |-> 3, od |-> FALSE, wtr |-> TRUE],
   [own |-> 0, od |-> FALSE, wtr |-> FALSE] >>
/\ enq = <<FALSE, FALSE, FALSE>>
/\ wsnap = << [own |-> 0, od |-> FALSE, wtr |-> FALSE],
   [own |-> 0, od |-> FALSE, wtr |-> FALSE],
   [own |-> 0, od |-> FALSE, wtr |-> FALSE] >>
/\ wpc = <<"run", "run", "run">>

State 16: <RelWake(3) line 315, col 5 to line 323, col 31 of module WaitersRetain>
/\ word = [own |-> 0, od |-> FALSE, wtr |-> FALSE]
/\ alive = <<TRUE, TRUE, TRUE>>
/\ q = <<1>>
/\ pc = <<"sleeping", "acq", "unlocked">>
/\ waited = <<TRUE, TRUE, FALSE>>
/\ pending = <<TRUE, TRUE, TRUE>>
/\ assume_w = <<TRUE, TRUE, FALSE>>
/\ srem = <<FALSE, FALSE, FALSE>>
/\ expw = << [own |-> 3, od |-> FALSE, wtr |-> TRUE],
   [own |-> 3, od |-> FALSE, wtr |-> TRUE],
   [own |-> 0, od |-> FALSE, wtr |-> FALSE] >>
/\ enq = <<FALSE, FALSE, FALSE>>
/\ wsnap = << [own |-> 0, od |-> FALSE, wtr |-> FALSE],
   [own |-> 0, od |-> FALSE, wtr |-> FALSE],
   [own |-> 0, od |-> FALSE, wtr |-> FALSE] >>
/\ wpc = <<"run", "run", "run">>

State 17: <Die(2) line 351, col 5 to line 357, col 26 of module WaitersRetain>
/\ word = [own |-> 0, od |-> FALSE, wtr |-> FALSE]
/\ alive = <<TRUE, FALSE, TRUE>>
/\ q = <<1>>
/\ pc = <<"sleeping", "acq", "unlocked">>
/\ waited = <<TRUE, TRUE, FALSE>>
/\ pending = <<TRUE, TRUE, TRUE>>
/\ assume_w = <<TRUE, TRUE, FALSE>>
/\ srem = <<FALSE, FALSE, FALSE>>
/\ expw = << [own |-> 3, od |-> FALSE, wtr |-> TRUE],
   [own |-> 3, od |-> FALSE, wtr |-> TRUE],
   [own |-> 0, od |-> FALSE, wtr |-> FALSE] >>
/\ enq = <<FALSE, FALSE, FALSE>>
/\ wsnap = << [own |-> 0, od |-> FALSE, wtr |-> FALSE],
   [own |-> 0, od |-> FALSE, wtr |-> FALSE],
   [own |-> 0, od |-> FALSE, wtr |-> FALSE] >>
/\ wpc = <<"run", "e_read", "run">>

State 18: <FinishRel(3) line 327, col 5 to line 331, col 31 of module WaitersRetain>
/\ word = [own |-> 0, od |-> FALSE, wtr |-> FALSE]
/\ alive = <<TRUE, FALSE, TRUE>>
/\ q = <<1>>
/\ pc = <<"sleeping", "acq", "idle">>
/\ waited = <<TRUE, TRUE, FALSE>>
/\ pending = <<TRUE, TRUE, FALSE>>
/\ assume_w = <<TRUE, TRUE, FALSE>>
/\ srem = <<FALSE, FALSE, FALSE>>
/\ expw = << [own |-> 3, od |-> FALSE, wtr |-> TRUE],
   [own |-> 3, od |-> FALSE, wtr |-> TRUE],
   [own |-> 0, od |-> FALSE, wtr |-> FALSE] >>
/\ enq = <<FALSE, FALSE, FALSE>>
/\ wsnap = << [own |-> 0, od |-> FALSE, wtr |-> FALSE],
   [own |-> 0, od |-> FALSE, wtr |-> FALSE],
   [own |-> 0, od |-> FALSE, wtr |-> FALSE] >>
/\ wpc = <<"run", "e_read", "run">>

State 19: <WalkEntryRead(2) line 362, col 5 to line 369, col 31 of module WaitersRetain>
/\ word = [own |-> 0, od |-> FALSE, wtr |-> FALSE]
/\ alive = <<TRUE, FALSE, TRUE>>
/\ q = <<1>>
/\ pc = <<"sleeping", "acq", "idle">>
/\ waited = <<TRUE, TRUE, FALSE>>
/\ pending = <<TRUE, TRUE, FALSE>>
/\ assume_w = <<TRUE, TRUE, FALSE>>
/\ srem = <<FALSE, FALSE, FALSE>>
/\ expw = << [own |-> 3, od |-> FALSE, wtr |-> TRUE],
   [own |-> 3, od |-> FALSE, wtr |-> TRUE],
   [own |-> 0, od |-> FALSE, wtr |-> FALSE] >>
/\ enq = <<FALSE, FALSE, FALSE>>
/\ wsnap = << [own |-> 0, od |-> FALSE, wtr |-> FALSE],
   [own |-> 0, od |-> FALSE, wtr |-> FALSE],
   [own |-> 0, od |-> FALSE, wtr |-> FALSE] >>
/\ wpc = <<"run", "p_read", "run">>

State 20: <StartAcq(3) line 164, col 5 to line 169, col 64 of module WaitersRetain>
/\ word = [own |-> 0, od |-> FALSE, wtr |-> FALSE]
/\ alive = <<TRUE, FALSE, TRUE>>
/\ q = <<1>>
/\ pc = <<"sleeping", "acq", "acq">>
/\ waited = <<TRUE, TRUE, FALSE>>
/\ pending = <<TRUE, TRUE, TRUE>>
/\ assume_w = <<TRUE, TRUE, FALSE>>
/\ srem = <<FALSE, FALSE, FALSE>>
/\ expw = << [own |-> 3, od |-> FALSE, wtr |-> TRUE],
   [own |-> 3, od |-> FALSE, wtr |-> TRUE],
   [own |-> 0, od |-> FALSE, wtr |-> FALSE] >>
/\ enq = <<FALSE, FALSE, FALSE>>
/\ wsnap = << [own |-> 0, od |-> FALSE, wtr |-> FALSE],
   [own |-> 0, od |-> FALSE, wtr |-> FALSE],
   [own |-> 0, od |-> FALSE, wtr |-> FALSE] >>
/\ wpc = <<"run", "p_read", "run">>

State 21: <TryAcquire(3) line 177, col 5 to line 183, col 31 of module WaitersRetain>
/\ word = [own |-> 3, od |-> FALSE, wtr |-> FALSE]
/\ alive = <<TRUE, FALSE, TRUE>>
/\ q = <<1>>
/\ pc = <<"sleeping", "acq", "acquired">>
/\ waited = <<TRUE, TRUE, FALSE>>
/\ pending = <<TRUE, TRUE, TRUE>>
/\ assume_w = <<TRUE, TRUE, FALSE>>
/\ srem = <<FALSE, FALSE, FALSE>>
/\ expw = << [own |-> 3, od |-> FALSE, wtr |-> TRUE],
   [own |-> 3, od |-> FALSE, wtr |-> TRUE],
   [own |-> 0, od |-> FALSE, wtr |-> FALSE] >>
/\ enq = <<FALSE, FALSE, FALSE>>
/\ wsnap = << [own |-> 0, od |-> FALSE, wtr |-> FALSE],
   [own |-> 0, od |-> FALSE, wtr |-> FALSE],
   [own |-> 0, od |-> FALSE, wtr |-> FALSE] >>
/\ wpc = <<"run", "p_read", "run">>

State 22: <Die(3) line 351, col 5 to line 357, col 26 of module WaitersRetain>
/\ word = [own |-> 3, od |-> FALSE, wtr |-> FALSE]
/\ alive = <<TRUE, FALSE, FALSE>>
/\ q = <<1>>
/\ pc = <<"sleeping", "acq", "acquired">>
/\ waited = <<TRUE, TRUE, FALSE>>
/\ pending = <<TRUE, TRUE, TRUE>>
/\ assume_w = <<TRUE, TRUE, FALSE>>
/\ srem = <<FALSE, FALSE, FALSE>>
/\ expw = << [own |-> 3, od |-> FALSE, wtr |-> TRUE],
   [own |-> 3, od |-> FALSE, wtr |-> TRUE],
   [own |-> 0, od |-> FALSE, wtr |-> FALSE] >>
/\ enq = <<FALSE, FALSE, FALSE>>
/\ wsnap = << [own |-> 0, od |-> FALSE, wtr |-> FALSE],
   [own |-> 0, od |-> FALSE, wtr |-> FALSE],
   [own |-> 0, od |-> FALSE, wtr |-> FALSE] >>
/\ wpc = <<"run", "p_read", "e_read">>

State 23: <WalkEntryRead(3) line 362, col 5 to line 369, col 31 of module WaitersRetain>
/\ word = [own |-> 3, od |-> FALSE, wtr |-> FALSE]
/\ alive = <<TRUE, FALSE, FALSE>>
/\ q = <<1>>
/\ pc = <<"sleeping", "acq", "acquired">>
/\ waited = <<TRUE, TRUE, FALSE>>
/\ pending = <<TRUE, TRUE, TRUE>>
/\ assume_w = <<TRUE, TRUE, FALSE>>
/\ srem = <<FALSE, FALSE, FALSE>>
/\ expw = << [own |-> 3, od |-> FALSE, wtr |-> TRUE],
   [own |-> 3, od |-> FALSE, wtr |-> TRUE],
   [own |-> 0, od |-> FALSE, wtr |-> FALSE] >>
/\ enq = <<FALSE, FALSE, FALSE>>
/\ wsnap = << [own |-> 0, od |-> FALSE, wtr |-> FALSE],
   [own |-> 0, od |-> FALSE, wtr |-> FALSE],
   [own |-> 0, od |-> FALSE, wtr |-> FALSE] >>
/\ wpc = <<"run", "p_read", "p_read">>

State 24: <WalkPendingRead(3) line 405, col 5 to line 412, col 31 of module WaitersRetain>
/\ word = [own |-> 3, od |-> FALSE, wtr |-> FALSE]
/\ alive = <<TRUE, FALSE, FALSE>>
/\ q = <<1>>
/\ pc = <<"sleeping", "acq", "acquired">>
/\ waited = <<TRUE, TRUE, FALSE>>
/\ pending = <<TRUE, TRUE, TRUE>>
/\ assume_w = <<TRUE, TRUE, FALSE>>
/\ srem = <<FALSE, FALSE, FALSE>>
/\ expw = << [own |-> 3, od |-> FALSE, wtr |-> TRUE],
   [own |-> 3, od |-> FALSE, wtr |-> TRUE],
   [own |-> 0, od |-> FALSE, wtr |-> FALSE] >>
/\ enq = <<FALSE, FALSE, FALSE>>
/\ wsnap = << [own |-> 0, od |-> FALSE, wtr |-> FALSE],
   [own |-> 0, od |-> FALSE, wtr |-> FALSE],
   [own |-> 3, od |-> FALSE, wtr |-> FALSE] >>
/\ wpc = <<"run", "p_read", "p_chk">>

State 25: <WalkPendingRead(2) line 405, col 5 to line 412, col 31 of module WaitersRetain>
/\ word = [own |-> 3, od |-> FALSE, wtr |-> FALSE]
/\ alive = <<TRUE, FALSE, FALSE>>
/\ q = <<1>>
/\ pc = <<"sleeping", "acq", "acquired">>
/\ waited = <<TRUE, TRUE, FALSE>>
/\ pending = <<TRUE, TRUE, TRUE>>
/\ assume_w = <<TRUE, TRUE, FALSE>>
/\ srem = <<FALSE, FALSE, FALSE>>
/\ expw = << [own |-> 3, od |-> FALSE, wtr |-> TRUE],
   [own |-> 3, od |-> FALSE, wtr |-> TRUE],
   [own |-> 0, od |-> FALSE, wtr |-> FALSE] >>
/\ enq = <<FALSE, FALSE, FALSE>>
/\ wsnap = << [own |-> 0, od |-> FALSE, wtr |-> FALSE],
   [own |-> 3, od |-> FALSE, wtr |-> FALSE],
   [own |-> 3, od |-> FALSE, wtr |-> FALSE] >>
/\ wpc = <<"run", "p_chk", "p_chk">>

State 26: <WalkPendingChk(3) line 420, col 5 to line 438, col 25 of module WaitersRetain>
/\ word = [own |-> 0, od |-> TRUE, wtr |-> FALSE]
/\ alive = <<TRUE, FALSE, FALSE>>
/\ q = <<1>>
/\ pc = <<"sleeping", "acq", "acquired">>
/\ waited = <<TRUE, TRUE, FALSE>>
/\ pending = <<TRUE, TRUE, TRUE>>
/\ assume_w = <<TRUE, TRUE, FALSE>>
/\ srem = <<FALSE, FALSE, FALSE>>
/\ expw = << [own |-> 3, od |-> FALSE, wtr |-> TRUE],
   [own |-> 3, od |-> FALSE, wtr |-> TRUE],
   [own |-> 0, od |-> FALSE, wtr |-> FALSE] >>
/\ enq = <<FALSE, FALSE, FALSE>>
/\ wsnap = << [own |-> 0, od |-> FALSE, wtr |-> FALSE],
   [own |-> 3, od |-> FALSE, wtr |-> FALSE],
   [own |-> 0, od |-> FALSE, wtr |-> FALSE] >>
/\ wpc = <<"run", "p_chk", "done">>

State 27: <WalkPendingChk(2) line 420, col 5 to line 438, col 25 of module WaitersRetain>
/\ word = [own |-> 0, od |-> TRUE, wtr |-> FALSE]
/\ alive = <<TRUE, FALSE, FALSE>>
/\ q = <<1>>
/\ pc = <<"sleeping", "acq", "acquired">>
/\ waited = <<TRUE, TRUE, FALSE>>
/\ pending = <<TRUE, TRUE, TRUE>>
/\ assume_w = <<TRUE, TRUE, FALSE>>
/\ srem = <<FALSE, FALSE, FALSE>>
/\ expw = << [own |-> 3, od |-> FALSE, wtr |-> TRUE],
   [own |-> 3, od |-> FALSE, wtr |-> TRUE],
   [own |-> 0, od |-> FALSE, wtr |-> FALSE] >>
/\ enq = <<FALSE, FALSE, FALSE>>
/\ wsnap = << [own |-> 0, od |-> FALSE, wtr |-> FALSE],
   [own |-> 0, od |-> FALSE, wtr |-> FALSE],
   [own |-> 0, od |-> FALSE, wtr |-> FALSE] >>
/\ wpc = <<"run", "done", "done">>

State 28: <Reincarnate(2) line 454, col 5 to line 465, col 28 of module WaitersRetain>
/\ word = [own |-> 0, od |-> TRUE, wtr |-> FALSE]
/\ alive = <<TRUE, TRUE, FALSE>>
/\ q = <<1>>
/\ pc = <<"sleeping", "idle", "acquired">>
/\ waited = <<TRUE, FALSE, FALSE>>
/\ pending = <<TRUE, FALSE, TRUE>>
/\ assume_w = <<TRUE, FALSE, FALSE>>
/\ srem = <<FALSE, FALSE, FALSE>>
/\ expw = << [own |-> 3, od |-> FALSE, wtr |-> TRUE],
   [own |-> 0, od |-> FALSE, wtr |-> FALSE],
   [own |-> 0, od |-> FALSE, wtr |-> FALSE] >>
/\ enq = <<FALSE, FALSE, FALSE>>
/\ wsnap = << [own |-> 0, od |-> FALSE, wtr |-> FALSE],
   [own |-> 0, od |-> FALSE, wtr |-> FALSE],
   [own |-> 0, od |-> FALSE, wtr |-> FALSE] >>
/\ wpc = <<"run", "run", "done">>

State 29: <Reincarnate(3) line 454, col 5 to line 465, col 28 of module WaitersRetain>
/\ word = [own |-> 0, od |-> TRUE, wtr |-> FALSE]
/\ alive = <<TRUE, TRUE, TRUE>>
/\ q = <<1>>
/\ pc = <<"sleeping", "idle", "idle">>
/\ waited = <<TRUE, FALSE, FALSE>>
/\ pending = <<TRUE, FALSE, FALSE>>
/\ assume_w = <<TRUE, FALSE, FALSE>>
/\ srem = <<FALSE, FALSE, FALSE>>
/\ expw = << [own |-> 3, od |-> FALSE, wtr |-> TRUE],
   [own |-> 0, od |-> FALSE, wtr |-> FALSE],
   [own |-> 0, od |-> FALSE, wtr |-> FALSE] >>
/\ enq = <<FALSE, FALSE, FALSE>>
/\ wsnap = << [own |-> 0, od |-> FALSE, wtr |-> FALSE],
   [own |-> 0, od |-> FALSE, wtr |-> FALSE],
   [own |-> 0, od |-> FALSE, wtr |-> FALSE] >>
/\ wpc = <<"run", "run", "run">>

State 30: Stuttering
Finished checking temporal properties in 26s at 2026-07-23 19:35:45
12746969 states generated, 4491421 distinct states found, 905478 states left on queue.
The depth of the complete state graph search is 32.
Finished in 03min 47s at (2026-07-23 19:35:45)
Trace exploration spec path: ./MCWRetainUnsync_TTrace_1784835118.tla
