TLC2 Version 2026.07.15.134331 (rev: 227f61b)
Running breadth-first search Model-Checking with fp 60 and seed -1339255306373599091 with 8 workers on 128 cores with 27305MB heap and 64MB offheap memory [pid: 29599] (Linux 6.8.0-134-generic amd64, Debian 11.0.24 64bit, MSBDiskFPSet, DiskStateQueue).
Parsing file /workspace/robust-futex-work/tla/MCWRetainNoRetain.tla
Parsing file /workspace/robust-futex-work/tla/WaitersRetain.tla
Parsing file /tmp/tlc-10488008447395873705/_TLCTrace.tla (jar:file:/workspace/robust-futex-work/tla/tla2tools.jar!/tla2sany/StandardModules/_TLCTrace.tla)
Parsing file /tmp/tlc-10488008447395873705/Naturals.tla (jar:file:/workspace/robust-futex-work/tla/tla2tools.jar!/tla2sany/StandardModules/Naturals.tla)
Parsing file /tmp/tlc-10488008447395873705/Sequences.tla (jar:file:/workspace/robust-futex-work/tla/tla2tools.jar!/tla2sany/StandardModules/Sequences.tla)
Parsing file /tmp/tlc-10488008447395873705/FiniteSets.tla (jar:file:/workspace/robust-futex-work/tla/tla2tools.jar!/tla2sany/StandardModules/FiniteSets.tla)
Parsing file /tmp/tlc-10488008447395873705/TLC.tla (jar:file:/workspace/robust-futex-work/tla/tla2tools.jar!/tla2sany/StandardModules/TLC.tla)
Parsing file /tmp/tlc-10488008447395873705/TLCExt.tla (jar:file:/workspace/robust-futex-work/tla/tla2tools.jar!/tla2sany/StandardModules/TLCExt.tla)
Parsing file /tmp/tlc-10488008447395873705/Integers.tla (jar:file:/workspace/robust-futex-work/tla/tla2tools.jar!/tla2sany/StandardModules/Integers.tla)
Semantic processing of module Naturals
Semantic processing of module Sequences
Semantic processing of module FiniteSets
Semantic processing of module WaitersRetain
Semantic processing of module TLC
Semantic processing of module Integers
Semantic processing of module TLCExt
Semantic processing of module _TLCTrace
Semantic processing of module MCWRetainNoRetain
Linting of module WaitersRetain
Linting of module TLCExt
Linting of module _TLCTrace
Linting of module MCWRetainNoRetain
Starting... (2026-07-23 19:30:37)
Implied-temporal checking--satisfiability problem has 3 branches.
Computing initial states...
Finished computing initial states: 1 distinct state generated at 2026-07-23 19:30:37.
Checking 3 branches of temporal properties for the current state space with 104328 total distinct states at (2026-07-23 19:30:40)
Finished checking temporal properties in 00s at 2026-07-23 19:30:40
Progress(16) at 2026-07-23 19:30:40: 85,893 states generated (85,893 s/min), 34,777 distinct states found (34,777 ds/min), 13,013 states left on queue.
Checking 3 branches of temporal properties for the current state space with 5076753 total distinct states at (2026-07-23 19:31:40)
Error: Temporal property WaiterServed was violated.

Error: The following behavior constitutes a counter-example:

State 1: <Initial predicate>
/\ word = [own |-> 0, od |-> FALSE, wtr |-> FALSE]
/\ alive = <<TRUE, TRUE, TRUE>>
/\ q = <<>>
/\ pc = <<"idle", "idle", "idle">>
/\ waited = <<FALSE, FALSE, FALSE>>
/\ pending = <<FALSE, FALSE, FALSE>>
/\ assume_w = <<FALSE, FALSE, FALSE>>
/\ srem = <<FALSE, FALSE, FALSE>>
/\ expw = << [own |-> 0, od |-> FALSE, wtr |-> FALSE],
   [own |-> 0, od |-> FALSE, wtr |-> FALSE],
   [own |-> 0, od |-> FALSE, wtr |-> FALSE] >>
/\ enq = <<FALSE, FALSE, FALSE>>
/\ wsnap = << [own |-> 0, od |-> FALSE, wtr |-> FALSE],
   [own |-> 0, od |-> FALSE, wtr |-> FALSE],
   [own |-> 0, od |-> FALSE, wtr |-> FALSE] >>
/\ wpc = <<"run", "run", "run">>

State 2: <StartAcq(3) line 164, col 5 to line 169, col 64 of module WaitersRetain>
/\ word = [own |-> 0, od |-> FALSE, wtr |-> FALSE]
/\ alive = <<TRUE, TRUE, TRUE>>
/\ q = <<>>
/\ pc = <<"idle", "idle", "acq">>
/\ waited = <<FALSE, FALSE, FALSE>>
/\ pending = <<FALSE, FALSE, TRUE>>
/\ assume_w = <<FALSE, FALSE, FALSE>>
/\ srem = <<FALSE, FALSE, FALSE>>
/\ expw = << [own |-> 0, od |-> FALSE, wtr |-> FALSE],
   [own |-> 0, od |-> FALSE, wtr |-> FALSE],
   [own |-> 0, od |-> FALSE, wtr |-> FALSE] >>
/\ enq = <<FALSE, FALSE, FALSE>>
/\ wsnap = << [own |-> 0, od |-> FALSE, wtr |-> FALSE],
   [own |-> 0, od |-> FALSE, wtr |-> FALSE],
   [own |-> 0, od |-> FALSE, wtr |-> FALSE] >>
/\ wpc = <<"run", "run", "run">>

State 3: <StartAcq(2) line 164, col 5 to line 169, col 64 of module WaitersRetain>
/\ word = [own |-> 0, od |-> FALSE, wtr |-> FALSE]
/\ alive = <<TRUE, TRUE, TRUE>>
/\ q = <<>>
/\ pc = <<"idle", "acq", "acq">>
/\ waited = <<FALSE, FALSE, FALSE>>
/\ pending = <<FALSE, TRUE, TRUE>>
/\ assume_w = <<FALSE, FALSE, FALSE>>
/\ srem = <<FALSE, FALSE, FALSE>>
/\ expw = << [own |-> 0, od |-> FALSE, wtr |-> FALSE],
   [own |-> 0, od |-> FALSE, wtr |-> FALSE],
   [own |-> 0, od |-> FALSE, wtr |-> FALSE] >>
/\ enq = <<FALSE, FALSE, FALSE>>
/\ wsnap = << [own |-> 0, od |-> FALSE, wtr |-> FALSE],
   [own |-> 0, od |-> FALSE, wtr |-> FALSE],
   [own |-> 0, od |-> FALSE, wtr |-> FALSE] >>
/\ wpc = <<"run", "run", "run">>

State 4: <StartAcq(1) line 164, col 5 to line 169, col 64 of module WaitersRetain>
/\ word = [own |-> 0, od |-> FALSE, wtr |-> FALSE]
/\ alive = <<TRUE, TRUE, TRUE>>
/\ q = <<>>
/\ pc = <<"acq", "acq", "acq">>
/\ waited = <<FALSE, FALSE, FALSE>>
/\ pending = <<TRUE, TRUE, TRUE>>
/\ assume_w = <<FALSE, FALSE, FALSE>>
/\ srem = <<FALSE, FALSE, FALSE>>
/\ expw = << [own |-> 0, od |-> FALSE, wtr |-> FALSE],
   [own |-> 0, od |-> FALSE, wtr |-> FALSE],
   [own |-> 0, od |-> FALSE, wtr |-> FALSE] >>
/\ enq = <<FALSE, FALSE, FALSE>>
/\ wsnap = << [own |-> 0, od |-> FALSE, wtr |-> FALSE],
   [own |-> 0, od |-> FALSE, wtr |-> FALSE],
   [own |-> 0, od |-> FALSE, wtr |-> FALSE] >>
/\ wpc = <<"run", "run", "run">>

State 5: <TryAcquire(1) line 177, col 5 to line 183, col 31 of module WaitersRetain>
/\ word = [own |-> 1, od |-> FALSE, wtr |-> FALSE]
/\ alive = <<TRUE, TRUE, TRUE>>
/\ q = <<>>
/\ pc = <<"acquired", "acq", "acq">>
/\ waited = <<FALSE, FALSE, FALSE>>
/\ pending = <<TRUE, TRUE, TRUE>>
/\ assume_w = <<FALSE, FALSE, FALSE>>
/\ srem = <<FALSE, FALSE, FALSE>>
/\ expw = << [own |-> 0, od |-> FALSE, wtr |-> FALSE],
   [own |-> 0, od |-> FALSE, wtr |-> FALSE],
   [own |-> 0, od |-> FALSE, wtr |-> FALSE] >>
/\ enq = <<FALSE, FALSE, FALSE>>
/\ wsnap = << [own |-> 0, od |-> FALSE, wtr |-> FALSE],
   [own |-> 0, od |-> FALSE, wtr |-> FALSE],
   [own |-> 0, od |-> FALSE, wtr |-> FALSE] >>
/\ wpc = <<"run", "run", "run">>

State 6: <SetWtr(2) line 198, col 5 to line 204, col 69 of module WaitersRetain>
/\ word = [own |-> 1, od |-> FALSE, wtr |-> TRUE]
/\ alive = <<TRUE, TRUE, TRUE>>
/\ q = <<>>
/\ pc = <<"acquired", "waitpre", "acq">>
/\ waited = <<FALSE, FALSE, FALSE>>
/\ pending = <<TRUE, TRUE, TRUE>>
/\ assume_w = <<FALSE, TRUE, FALSE>>
/\ srem = <<FALSE, FALSE, FALSE>>
/\ expw = << [own |-> 0, od |-> FALSE, wtr |-> FALSE],
   [own |-> 1, od |-> FALSE, wtr |-> TRUE],
   [own |-> 0, od |-> FALSE, wtr |-> FALSE] >>
/\ enq = <<FALSE, FALSE, FALSE>>
/\ wsnap = << [own |-> 0, od |-> FALSE, wtr |-> FALSE],
   [own |-> 0, od |-> FALSE, wtr |-> FALSE],
   [own |-> 0, od |-> FALSE, wtr |-> FALSE] >>
/\ wpc = <<"run", "run", "run">>

State 7: <Enqueue(1) line 234, col 5 to line 238, col 31 of module WaitersRetain>
/\ word = [own |-> 1, od |-> FALSE, wtr |-> TRUE]
/\ alive = <<TRUE, TRUE, TRUE>>
/\ q = <<>>
/\ pc = <<"enqueued", "waitpre", "acq">>
/\ waited = <<FALSE, FALSE, FALSE>>
/\ pending = <<TRUE, TRUE, TRUE>>
/\ assume_w = <<FALSE, TRUE, FALSE>>
/\ srem = <<FALSE, FALSE, FALSE>>
/\ expw = << [own |-> 0, od |-> FALSE, wtr |-> FALSE],
   [own |-> 1, od |-> FALSE, wtr |-> TRUE],
   [own |-> 0, od |-> FALSE, wtr |-> FALSE] >>
/\ enq = <<TRUE, FALSE, FALSE>>
/\ wsnap = << [own |-> 0, od |-> FALSE, wtr |-> FALSE],
   [own |-> 0, od |-> FALSE, wtr |-> FALSE],
   [own |-> 0, od |-> FALSE, wtr |-> FALSE] >>
/\ wpc = <<"run", "run", "run">>

State 8: <SnapWait(3) line 208, col 5 to line 213, col 75 of module WaitersRetain>
/\ word = [own |-> 1, od |-> FALSE, wtr |-> TRUE]
/\ alive = <<TRUE, TRUE, TRUE>>
/\ q = <<>>
/\ pc = <<"enqueued", "waitpre", "waitpre">>
/\ waited = <<FALSE, FALSE, FALSE>>
/\ pending = <<TRUE, TRUE, TRUE>>
/\ assume_w = <<FALSE, TRUE, TRUE>>
/\ srem = <<FALSE, FALSE, FALSE>>
/\ expw = << [own |-> 0, od |-> FALSE, wtr |-> FALSE],
   [own |-> 1, od |-> FALSE, wtr |-> TRUE],
   [own |-> 1, od |-> FALSE, wtr |-> TRUE] >>
/\ enq = <<TRUE, FALSE, FALSE>>
/\ wsnap = << [own |-> 0, od |-> FALSE, wtr |-> FALSE],
   [own |-> 0, od |-> FALSE, wtr |-> FALSE],
   [own |-> 0, od |-> FALSE, wtr |-> FALSE] >>
/\ wpc = <<"run", "run", "run">>

State 9: <DisarmAcq(1) line 241, col 5 to line 245, col 31 of module WaitersRetain>
/\ word = [own |-> 1, od |-> FALSE, wtr |-> TRUE]
/\ alive = <<TRUE, TRUE, TRUE>>
/\ q = <<>>
/\ pc = <<"own", "waitpre", "waitpre">>
/\ waited = <<FALSE, FALSE, FALSE>>
/\ pending = <<FALSE, TRUE, TRUE>>
/\ assume_w = <<FALSE, TRUE, TRUE>>
/\ srem = <<FALSE, FALSE, FALSE>>
/\ expw = << [own |-> 0, od |-> FALSE, wtr |-> FALSE],
   [own |-> 1, od |-> FALSE, wtr |-> TRUE],
   [own |-> 1, od |-> FALSE, wtr |-> TRUE] >>
/\ enq = <<TRUE, FALSE, FALSE>>
/\ wsnap = << [own |-> 0, od |-> FALSE, wtr |-> FALSE],
   [own |-> 0, od |-> FALSE, wtr |-> FALSE],
   [own |-> 0, od |-> FALSE, wtr |-> FALSE] >>
/\ wpc = <<"run", "run", "run">>

State 10: <FutexWait(3) line 221, col 5 to line 230, col 26 of module WaitersRetain>
/\ word = [own |-> 1, od |-> FALSE, wtr |-> TRUE]
/\ alive = <<TRUE, TRUE, TRUE>>
/\ q = <<3>>
/\ pc = <<"own", "waitpre", "sleeping">>
/\ waited = <<FALSE, FALSE, TRUE>>
/\ pending = <<FALSE, TRUE, TRUE>>
/\ assume_w = <<FALSE, TRUE, TRUE>>
/\ srem = <<FALSE, FALSE, FALSE>>
/\ expw = << [own |-> 0, od |-> FALSE, wtr |-> FALSE],
   [own |-> 1, od |-> FALSE, wtr |-> TRUE],
   [own |-> 1, od |-> FALSE, wtr |-> TRUE] >>
/\ enq = <<TRUE, FALSE, FALSE>>
/\ wsnap = << [own |-> 0, od |-> FALSE, wtr |-> FALSE],
   [own |-> 0, od |-> FALSE, wtr |-> FALSE],
   [own |-> 0, od |-> FALSE, wtr |-> FALSE] >>
/\ wpc = <<"run", "run", "run">>

State 11: <FutexWait(2) line 221, col 5 to line 230, col 26 of module WaitersRetain>
/\ word = [own |-> 1, od |-> FALSE, wtr |-> TRUE]
/\ alive = <<TRUE, TRUE, TRUE>>
/\ q = <<3, 2>>
/\ pc = <<"own", "sleeping", "sleeping">>
/\ waited = <<FALSE, TRUE, TRUE>>
/\ pending = <<FALSE, TRUE, TRUE>>
/\ assume_w = <<FALSE, TRUE, TRUE>>
/\ srem = <<FALSE, FALSE, FALSE>>
/\ expw = << [own |-> 0, od |-> FALSE, wtr |-> FALSE],
   [own |-> 1, od |-> FALSE, wtr |-> TRUE],
   [own |-> 1, od |-> FALSE, wtr |-> TRUE] >>
/\ enq = <<TRUE, FALSE, FALSE>>
/\ wsnap = << [own |-> 0, od |-> FALSE, wtr |-> FALSE],
   [own |-> 0, od |-> FALSE, wtr |-> FALSE],
   [own |-> 0, od |-> FALSE, wtr |-> FALSE] >>
/\ wpc = <<"run", "run", "run">>

State 12: <StartRel(1) line 253, col 5 to line 258, col 26 of module WaitersRetain>
/\ word = [own |-> 1, od |-> FALSE, wtr |-> TRUE]
/\ alive = <<TRUE, TRUE, TRUE>>
/\ q = <<3, 2>>
/\ pc = <<"rel", "sleeping", "sleeping">>
/\ waited = <<FALSE, TRUE, TRUE>>
/\ pending = <<TRUE, TRUE, TRUE>>
/\ assume_w = <<FALSE, TRUE, TRUE>>
/\ srem = <<FALSE, FALSE, FALSE>>
/\ expw = << [own |-> 0, od |-> FALSE, wtr |-> FALSE],
   [own |-> 1, od |-> FALSE, wtr |-> TRUE],
   [own |-> 1, od |-> FALSE, wtr |-> TRUE] >>
/\ enq = <<FALSE, FALSE, FALSE>>
/\ wsnap = << [own |-> 0, od |-> FALSE, wtr |-> FALSE],
   [own |-> 0, od |-> FALSE, wtr |-> FALSE],
   [own |-> 0, od |-> FALSE, wtr |-> FALSE] >>
/\ wpc = <<"run", "run", "run">>

State 13: <VdsoTry(1) line 264, col 5 to line 272, col 31 of module WaitersRetain>
/\ word = [own |-> 1, od |-> FALSE, wtr |-> TRUE]
/\ alive = <<TRUE, TRUE, TRUE>>
/\ q = <<3, 2>>
/\ pc = <<"relslow", "sleeping", "sleeping">>
/\ waited = <<FALSE, TRUE, TRUE>>
/\ pending = <<TRUE, TRUE, TRUE>>
/\ assume_w = <<FALSE, TRUE, TRUE>>
/\ srem = <<FALSE, FALSE, FALSE>>
/\ expw = << [own |-> 0, od |-> FALSE, wtr |-> FALSE],
   [own |-> 1, od |-> FALSE, wtr |-> TRUE],
   [own |-> 1, od |-> FALSE, wtr |-> TRUE] >>
/\ enq = <<FALSE, FALSE, FALSE>>
/\ wsnap = << [own |-> 0, od |-> FALSE, wtr |-> FALSE],
   [own |-> 0, od |-> FALSE, wtr |-> FALSE],
   [own |-> 0, od |-> FALSE, wtr |-> FALSE] >>
/\ wpc = <<"run", "run", "run">>

State 14: <RelSyscall(1) line 281, col 5 to line 292, col 31 of module WaitersRetain>
/\ word = [own |-> 0, od |-> FALSE, wtr |-> FALSE]
/\ alive = <<TRUE, TRUE, TRUE>>
/\ q = <<2>>
/\ pc = <<"unlocked", "sleeping", "acq">>
/\ waited = <<FALSE, TRUE, TRUE>>
/\ pending = <<TRUE, TRUE, TRUE>>
/\ assume_w = <<FALSE, TRUE, TRUE>>
/\ srem = <<FALSE, FALSE, FALSE>>
/\ expw = << [own |-> 0, od |-> FALSE, wtr |-> FALSE],
   [own |-> 1, od |-> FALSE, wtr |-> TRUE],
   [own |-> 1, od |-> FALSE, wtr |-> TRUE] >>
/\ enq = <<FALSE, FALSE, FALSE>>
/\ wsnap = << [own |-> 0, od |-> FALSE, wtr |-> FALSE],
   [own |-> 0, od |-> FALSE, wtr |-> FALSE],
   [own |-> 0, od |-> FALSE, wtr |-> FALSE] >>
/\ wpc = <<"run", "run", "run">>

State 15: <Die(3) line 351, col 5 to line 357, col 26 of module WaitersRetain>
/\ word = [own |-> 0, od |-> FALSE, wtr |-> FALSE]
/\ alive = <<TRUE, TRUE, FALSE>>
/\ q = <<2>>
/\ pc = <<"unlocked", "sleeping", "acq">>
/\ waited = <<FALSE, TRUE, TRUE>>
/\ pending = <<TRUE, TRUE, TRUE>>
/\ assume_w = <<FALSE, TRUE, TRUE>>
/\ srem = <<FALSE, FALSE, FALSE>>
/\ expw = << [own |-> 0, od |-> FALSE, wtr |-> FALSE],
   [own |-> 1, od |-> FALSE, wtr |-> TRUE],
   [own |-> 1, od |-> FALSE, wtr |-> TRUE] >>
/\ enq = <<FALSE, FALSE, FALSE>>
/\ wsnap = << [own |-> 0, od |-> FALSE, wtr |-> FALSE],
   [own |-> 0, od |-> FALSE, wtr |-> FALSE],
   [own |-> 0, od |-> FALSE, wtr |-> FALSE] >>
/\ wpc = <<"run", "run", "e_read">>

State 16: <FinishRel(1) line 327, col 5 to line 331, col 31 of module WaitersRetain>
/\ word = [own |-> 0, od |-> FALSE, wtr |-> FALSE]
/\ alive = <<TRUE, TRUE, FALSE>>
/\ q = <<2>>
/\ pc = <<"idle", "sleeping", "acq">>
/\ waited = <<FALSE, TRUE, TRUE>>
/\ pending = <<FALSE, TRUE, TRUE>>
/\ assume_w = <<FALSE, TRUE, TRUE>>
/\ srem = <<FALSE, FALSE, FALSE>>
/\ expw = << [own |-> 0, od |-> FALSE, wtr |-> FALSE],
   [own |-> 1, od |-> FALSE, wtr |-> TRUE],
   [own |-> 1, od |-> FALSE, wtr |-> TRUE] >>
/\ enq = <<FALSE, FALSE, FALSE>>
/\ wsnap = << [own |-> 0, od |-> FALSE, wtr |-> FALSE],
   [own |-> 0, od |-> FALSE, wtr |-> FALSE],
   [own |-> 0, od |-> FALSE, wtr |-> FALSE] >>
/\ wpc = <<"run", "run", "e_read">>

State 17: <WalkEntryRead(3) line 362, col 5 to line 369, col 31 of module WaitersRetain>
/\ word = [own |-> 0, od |-> FALSE, wtr |-> FALSE]
/\ alive = <<TRUE, TRUE, FALSE>>
/\ q = <<2>>
/\ pc = <<"idle", "sleeping", "acq">>
/\ waited = <<FALSE, TRUE, TRUE>>
/\ pending = <<FALSE, TRUE, TRUE>>
/\ assume_w = <<FALSE, TRUE, TRUE>>
/\ srem = <<FALSE, FALSE, FALSE>>
/\ expw = << [own |-> 0, od |-> FALSE, wtr |-> FALSE],
   [own |-> 1, od |-> FALSE, wtr |-> TRUE],
   [own |-> 1, od |-> FALSE, wtr |-> TRUE] >>
/\ enq = <<FALSE, FALSE, FALSE>>
/\ wsnap = << [own |-> 0, od |-> FALSE, wtr |-> FALSE],
   [own |-> 0, od |-> FALSE, wtr |-> FALSE],
   [own |-> 0, od |-> FALSE, wtr |-> FALSE] >>
/\ wpc = <<"run", "run", "p_read">>

State 18: <StartAcq(1) line 164, col 5 to line 169, col 64 of module WaitersRetain>
/\ word = [own |-> 0, od |-> FALSE, wtr |-> FALSE]
/\ alive = <<TRUE, TRUE, FALSE>>
/\ q = <<2>>
/\ pc = <<"acq", "sleeping", "acq">>
/\ waited = <<FALSE, TRUE, TRUE>>
/\ pending = <<TRUE, TRUE, TRUE>>
/\ assume_w = <<FALSE, TRUE, TRUE>>
/\ srem = <<FALSE, FALSE, FALSE>>
/\ expw = << [own |-> 0, od |-> FALSE, wtr |-> FALSE],
   [own |-> 1, od |-> FALSE, wtr |-> TRUE],
   [own |-> 1, od |-> FALSE, wtr |-> TRUE] >>
/\ enq = <<FALSE, FALSE, FALSE>>
/\ wsnap = << [own |-> 0, od |-> FALSE, wtr |-> FALSE],
   [own |-> 0, od |-> FALSE, wtr |-> FALSE],
   [own |-> 0, od |-> FALSE, wtr |-> FALSE] >>
/\ wpc = <<"run", "run", "p_read">>

State 19: <TryAcquire(1) line 177, col 5 to line 183, col 31 of module WaitersRetain>
/\ word = [own |-> 1, od |-> FALSE, wtr |-> FALSE]
/\ alive = <<TRUE, TRUE, FALSE>>
/\ q = <<2>>
/\ pc = <<"acquired", "sleeping", "acq">>
/\ waited = <<FALSE, TRUE, TRUE>>
/\ pending = <<TRUE, TRUE, TRUE>>
/\ assume_w = <<FALSE, TRUE, TRUE>>
/\ srem = <<FALSE, FALSE, FALSE>>
/\ expw = << [own |-> 0, od |-> FALSE, wtr |-> FALSE],
   [own |-> 1, od |-> FALSE, wtr |-> TRUE],
   [own |-> 1, od |-> FALSE, wtr |-> TRUE] >>
/\ enq = <<FALSE, FALSE, FALSE>>
/\ wsnap = << [own |-> 0, od |-> FALSE, wtr |-> FALSE],
   [own |-> 0, od |-> FALSE, wtr |-> FALSE],
   [own |-> 0, od |-> FALSE, wtr |-> FALSE] >>
/\ wpc = <<"run", "run", "p_read">>

State 20: <WalkPendingRead(3) line 405, col 5 to line 412, col 31 of module WaitersRetain>
/\ word = [own |-> 1, od |-> FALSE, wtr |-> FALSE]
/\ alive = <<TRUE, TRUE, FALSE>>
/\ q = <<2>>
/\ pc = <<"acquired", "sleeping", "acq">>
/\ waited = <<FALSE, TRUE, TRUE>>
/\ pending = <<TRUE, TRUE, TRUE>>
/\ assume_w = <<FALSE, TRUE, TRUE>>
/\ srem = <<FALSE, FALSE, FALSE>>
/\ expw = << [own |-> 0, od |-> FALSE, wtr |-> FALSE],
   [own |-> 1, od |-> FALSE, wtr |-> TRUE],
   [own |-> 1, od |-> FALSE, wtr |-> TRUE] >>
/\ enq = <<FALSE, FALSE, FALSE>>
/\ wsnap = << [own |-> 0, od |-> FALSE, wtr |-> FALSE],
   [own |-> 0, od |-> FALSE, wtr |-> FALSE],
   [own |-> 1, od |-> FALSE, wtr |-> FALSE] >>
/\ wpc = <<"run", "run", "p_chk">>

State 21: <WalkPendingChk(3) line 420, col 5 to line 438, col 25 of module WaitersRetain>
/\ word = [own |-> 1, od |-> FALSE, wtr |-> FALSE]
/\ alive = <<TRUE, TRUE, FALSE>>
/\ q = <<2>>
/\ pc = <<"acquired", "sleeping", "acq">>
/\ waited = <<FALSE, TRUE, TRUE>>
/\ pending = <<TRUE, TRUE, TRUE>>
/\ assume_w = <<FALSE, TRUE, TRUE>>
/\ srem = <<FALSE, FALSE, FALSE>>
/\ expw = << [own |-> 0, od |-> FALSE, wtr |-> FALSE],
   [own |-> 1, od |-> FALSE, wtr |-> TRUE],
   [own |-> 1, od |-> FALSE, wtr |-> TRUE] >>
/\ enq = <<FALSE, FALSE, FALSE>>
/\ wsnap = << [own |-> 0, od |-> FALSE, wtr |-> FALSE],
   [own |-> 0, od |-> FALSE, wtr |-> FALSE],
   [own |-> 0, od |-> FALSE, wtr |-> FALSE] >>
/\ wpc = <<"run", "run", "done">>

State 22: <Die(1) line 351, col 5 to line 357, col 26 of module WaitersRetain>
/\ word = [own |-> 1, od |-> FALSE, wtr |-> FALSE]
/\ alive = <<FALSE, TRUE, FALSE>>
/\ q = <<2>>
/\ pc = <<"acquired", "sleeping", "acq">>
/\ waited = <<FALSE, TRUE, TRUE>>
/\ pending = <<TRUE, TRUE, TRUE>>
/\ assume_w = <<FALSE, TRUE, TRUE>>
/\ srem = <<FALSE, FALSE, FALSE>>
/\ expw = << [own |-> 0, od |-> FALSE, wtr |-> FALSE],
   [own |-> 1, od |-> FALSE, wtr |-> TRUE],
   [own |-> 1, od |-> FALSE, wtr |-> TRUE] >>
/\ enq = <<FALSE, FALSE, FALSE>>
/\ wsnap = << [own |-> 0, od |-> FALSE, wtr |-> FALSE],
   [own |-> 0, od |-> FALSE, wtr |-> FALSE],
   [own |-> 0, od |-> FALSE, wtr |-> FALSE] >>
/\ wpc = <<"e_read", "run", "done">>

State 23: <WalkEntryRead(1) line 362, col 5 to line 369, col 31 of module WaitersRetain>
/\ word = [own |-> 1, od |-> FALSE, wtr |-> FALSE]
/\ alive = <<FALSE, TRUE, FALSE>>
/\ q = <<2>>
/\ pc = <<"acquired", "sleeping", "acq">>
/\ waited = <<FALSE, TRUE, TRUE>>
/\ pending = <<TRUE, TRUE, TRUE>>
/\ assume_w = <<FALSE, TRUE, TRUE>>
/\ srem = <<FALSE, FALSE, FALSE>>
/\ expw = << [own |-> 0, od |-> FALSE, wtr |-> FALSE],
   [own |-> 1, od |-> FALSE, wtr |-> TRUE],
   [own |-> 1, od |-> FALSE, wtr |-> TRUE] >>
/\ enq = <<FALSE, FALSE, FALSE>>
/\ wsnap = << [own |-> 0, od |-> FALSE, wtr |-> FALSE],
   [own |-> 0, od |-> FALSE, wtr |-> FALSE],
   [own |-> 0, od |-> FALSE, wtr |-> FALSE] >>
/\ wpc = <<"p_read", "run", "done">>

State 24: <WalkPendingRead(1) line 405, col 5 to line 412, col 31 of module WaitersRetain>
/\ word = [own |-> 1, od |-> FALSE, wtr |-> FALSE]
/\ alive = <<FALSE, TRUE, FALSE>>
/\ q = <<2>>
/\ pc = <<"acquired", "sleeping", "acq">>
/\ waited = <<FALSE, TRUE, TRUE>>
/\ pending = <<TRUE, TRUE, TRUE>>
/\ assume_w = <<FALSE, TRUE, TRUE>>
/\ srem = <<FALSE, FALSE, FALSE>>
/\ expw = << [own |-> 0, od |-> FALSE, wtr |-> FALSE],
   [own |-> 1, od |-> FALSE, wtr |-> TRUE],
   [own |-> 1, od |-> FALSE, wtr |-> TRUE] >>
/\ enq = <<FALSE, FALSE, FALSE>>
/\ wsnap = << [own |-> 1, od |-> FALSE, wtr |-> FALSE],
   [own |-> 0, od |-> FALSE, wtr |-> FALSE],
   [own |-> 0, od |-> FALSE, wtr |-> FALSE] >>
/\ wpc = <<"p_chk", "run", "done">>

State 25: <WalkPendingChk(1) line 420, col 5 to line 438, col 25 of module WaitersRetain>
/\ word = [own |-> 0, od |-> TRUE, wtr |-> FALSE]
/\ alive = <<FALSE, TRUE, FALSE>>
/\ q = <<2>>
/\ pc = <<"acquired", "sleeping", "acq">>
/\ waited = <<FALSE, TRUE, TRUE>>
/\ pending = <<TRUE, TRUE, TRUE>>
/\ assume_w = <<FALSE, TRUE, TRUE>>
/\ srem = <<FALSE, FALSE, FALSE>>
/\ expw = << [own |-> 0, od |-> FALSE, wtr |-> FALSE],
   [own |-> 1, od |-> FALSE, wtr |-> TRUE],
   [own |-> 1, od |-> FALSE, wtr |-> TRUE] >>
/\ enq = <<FALSE, FALSE, FALSE>>
/\ wsnap = << [own |-> 0, od |-> FALSE, wtr |-> FALSE],
   [own |-> 0, od |-> FALSE, wtr |-> FALSE],
   [own |-> 0, od |-> FALSE, wtr |-> FALSE] >>
/\ wpc = <<"done", "run", "done">>

State 26: Stuttering
Finished checking temporal properties in 16s at 2026-07-23 19:31:57
4684394 states generated, 1692251 distinct states found, 412569 states left on queue.
The depth of the complete state graph search is 27.
Finished in 01min 20s at (2026-07-23 19:31:57)
Trace exploration spec path: ./MCWRetainNoRetain_TTrace_1784835036.tla
